Log file open, 10/08/17 18:10:29
LogInit:Display: Running engine for game: JunsuTwoD
LogPlatformFile: Not using cached read wrapper
LogInit:Display: RandInit(-1192521559) SRandInit(-1192521559).
LogTaskGraph: Started task graph with 5 named threads and 8 total threads with 1 sets of task threads.
LogStats: Stats thread started at 0.126498
LogInit: Using libcurl 7.47.1
LogInit:  - built for x86_64-pc-win32
LogInit:  - supports SSL with OpenSSL/1.0.2g
LogInit:  - supports HTTP deflate (compression) using libz 1.2.8
LogInit:  - other features:
LogInit:      CURL_VERSION_SSL
LogInit:      CURL_VERSION_LIBZ
LogInit:      CURL_VERSION_IPV6
LogInit:      CURL_VERSION_ASYNCHDNS
LogInit:      CURL_VERSION_LARGEFILE
LogInit:      CURL_VERSION_IDN
LogInit:  CurlRequestOptions (configurable via config and command line):
LogInit:  - bVerifyPeer = false  - Libcurl will NOT verify peer certificate
LogInit:  - bUseHttpProxy = false  - Libcurl will NOT use HTTP proxy
LogInit:  - bDontReuseConnections = false  - Libcurl will reuse connections
LogInit:  - CertBundlePath = nullptr  - Libcurl will use whatever was configured at build time.
LogInit: Build: ++UE4+Release-4.16-CL-3561208
LogInit: Engine Version: 4.16.3-3561208+++UE4+Release-4.16
LogInit: Compatible Engine Version: 4.16.0-3452394+++UE4+Release-4.16
LogInit: Net CL: 3452394
LogDevObjectVersion: Number of dev versions registered: 16
LogDevObjectVersion:   Dev-Blueprints (B0D832E4-1F89-4F0D-ACCF-7EB736FD4AA2): 9
LogDevObjectVersion:   Dev-Build (E1C64328-A22C-4D53-A36C-8E866417BD8C): 0
LogDevObjectVersion:   Dev-Core (375EC13C-06E4-48FB-B500-84F0262A717E): 2
LogDevObjectVersion:   Dev-Editor (E4B068ED-F494-42E9-A231-DA0B2E46BB41): 17
LogDevObjectVersion:   Dev-Framework (CFFC743F-43B0-4480-9391-14DF171D2073): 23
LogDevObjectVersion:   Dev-Mobile (B02B49B5-BB20-44E9-A304-32B752E40360): 0
LogDevObjectVersion:   Dev-Networking (A4E4105C-59A1-49B5-A7C5-40C4547EDFEE): 0
LogDevObjectVersion:   Dev-Online (39C831C9-5AE6-47DC-9A44-9C173E1C8E7C): 0
LogDevObjectVersion:   Dev-Physics (78F01B33-EBEA-4F98-B9B4-84EACCB95AA2): 0
LogDevObjectVersion:   Dev-Platform (6631380F-2D4D-43E0-8009-CF276956A95A): 0
LogDevObjectVersion:   Dev-Rendering (12F88B9F-8875-4AFC-A67C-D90C383ABD29): 15
LogDevObjectVersion:   Dev-Sequencer (7B5AE74C-D270-4C10-A958-57980B212A5A): 4
LogDevObjectVersion:   Dev-VR (D7296918-1DD6-4BDD-9DE2-64A83CC13884): 0
LogDevObjectVersion:   Dev-LoadTimes (C2A15278-BFE7-4AFE-6C17-90FF531DF755): 1
LogDevObjectVersion:   Private-Geometry (6EACA3D4-40EC-4CC1-B786-8BED09428FC5): 1
LogDevObjectVersion:   Dev-AnimPhys (29E575DD-E0A3-4627-9D10-D276232CDCEA): 3
LogInit: Compiled (64-bit): Jul 28 2017 11:49:47
LogInit: Compiled with Visual C++: 19.00.24215.01
LogInit: Build Configuration: Development
LogInit: Branch Name: ++UE4+Release-4.16
LogInit: Command line: -EpicPortal 
LogInit: Base directory: D:/Programs/Epic Games/UE_4.16/Engine/Binaries/Win64/
LogInit: Installed Engine Build: 1
LogInit: Presizing for max 8388607 objects, including 0 objects not considered by GC, pre-allocating 0 bytes for permanent pool.
LogInit: Object subsystem initialized
[2017.10.08-09.10.30:079][  0]LogInit: Selected Device Profile: [Windows]
[2017.10.08-09.10.30:079][  0]LogInit: Applying CVar settings loaded from the selected device profile: [Windows]
[2017.10.08-09.10.30:102][  0]LogInit: Computer: DESKTOP-K7MU974
[2017.10.08-09.10.30:102][  0]LogInit: User: marku
[2017.10.08-09.10.30:102][  0]LogInit: CPU Page size=4096, Cores=4
[2017.10.08-09.10.30:102][  0]LogInit: High frequency timer resolution =2.531251 MHz
[2017.10.08-09.10.30:102][  0]LogMemory: Memory total: Physical=15.9GB (16GB approx)
[2017.10.08-09.10.30:102][  0]LogMemory: Platform Memory Stats for Windows
[2017.10.08-09.10.30:102][  0]LogMemory: Process Physical Memory: 274.61 MB used, 274.61 MB peak
[2017.10.08-09.10.30:102][  0]LogMemory: Process Virtual Memory: 260.74 MB used, 260.74 MB peak
[2017.10.08-09.10.30:102][  0]LogMemory: Physical Memory: 4489.51 MB used,  11779.88 MB free, 16269.39 MB total
[2017.10.08-09.10.30:102][  0]LogMemory: Virtual Memory: 624.04 MB used,  11779.88 MB free, 134217728.00 MB total
[2017.10.08-09.10.30:225][  0]LogInit: Using OS detected language (en-US).
[2017.10.08-09.10.30:225][  0]LogInit: Using OS detected locale (en-US).
[2017.10.08-09.10.30:231][  0]LogTextLocalizationManager: No specific localization for 'en-US' exists, so the 'en' localization will be used.
[2017.10.08-09.10.31:664][  0]LogD3D11RHI: D3D11 adapters:
[2017.10.08-09.10.31:735][  0]LogD3D11RHI:    0. 'NVIDIA GeForce GTX 1060' (Feature Level 11_0)
[2017.10.08-09.10.31:735][  0]LogD3D11RHI:       6049/0/8134 MB DedicatedVideo/DedicatedSystem/SharedSystem, Outputs:1, VendorId:0x10de
[2017.10.08-09.10.31:750][  0]LogD3D11RHI:    1. 'Intel(R) HD Graphics 530' (Feature Level 11_0)
[2017.10.08-09.10.31:750][  0]LogD3D11RHI:       128/0/8134 MB DedicatedVideo/DedicatedSystem/SharedSystem, Outputs:0, VendorId:0x8086
[2017.10.08-09.10.31:752][  0]LogD3D11RHI:    2. 'Microsoft Basic Render Driver' (Feature Level 11_0)
[2017.10.08-09.10.31:753][  0]LogD3D11RHI:       0/0/8134 MB DedicatedVideo/DedicatedSystem/SharedSystem, Outputs:0, VendorId:0x1414
[2017.10.08-09.10.31:753][  0]LogD3D11RHI: Chosen D3D11 Adapter: 0
[2017.10.08-09.10.31:759][  0]LogD3D11RHI: Creating new Direct3DDevice
[2017.10.08-09.10.31:759][  0]LogD3D11RHI:     GPU DeviceId: 0x1c20 (for the marketing name, search the web for "GPU Device Id")
[2017.10.08-09.10.31:759][  0]LogWindows: EnumDisplayDevices:
[2017.10.08-09.10.31:759][  0]LogWindows:    0. 'Intel(R) HD Graphics 530' (P:1 D:1)
[2017.10.08-09.10.31:760][  0]LogWindows:    1. 'Intel(R) HD Graphics 530' (P:0 D:0)
[2017.10.08-09.10.31:761][  0]LogWindows:    2. 'Intel(R) HD Graphics 530' (P:0 D:0)
[2017.10.08-09.10.31:762][  0]LogWindows:    3. 'Intel(R) HD Graphics 530' (P:0 D:0)
[2017.10.08-09.10.31:763][  0]LogWindows:    4. 'Intel(R) HD Graphics 530' (P:0 D:0)
[2017.10.08-09.10.31:764][  0]LogWindows:    5. 'Intel(R) HD Graphics 530' (P:0 D:0)
[2017.10.08-09.10.31:766][  0]LogWindows:    6. 'Intel(R) HD Graphics 530' (P:0 D:0)
[2017.10.08-09.10.31:767][  0]LogWindows:    7. 'Intel(R) HD Graphics 530' (P:0 D:0)
[2017.10.08-09.10.31:768][  0]LogWindows:    8. 'Intel(R) HD Graphics 530' (P:0 D:0)
[2017.10.08-09.10.31:769][  0]LogWindows:    9. 'Intel(R) HD Graphics 530' (P:0 D:0)
[2017.10.08-09.10.31:771][  0]LogWindows:    10. 'Intel(R) HD Graphics 530' (P:0 D:0)
[2017.10.08-09.10.31:772][  0]LogWindows:    11. 'NVIDIA GeForce GTX 1060' (P:0 D:0)
[2017.10.08-09.10.31:773][  0]LogWindows:    12. 'NVIDIA GeForce GTX 1060' (P:0 D:0)
[2017.10.08-09.10.31:774][  0]LogWindows:    13. 'NVIDIA GeForce GTX 1060' (P:0 D:0)
[2017.10.08-09.10.31:775][  0]LogWindows:    14. 'NVIDIA GeForce GTX 1060' (P:0 D:0)
[2017.10.08-09.10.31:776][  0]LogWindows: DebugString: PrimaryIsNotTheChoosenAdapter PrimaryIsNotTheChoosenAdapter PrimaryIsNotTheChoosenAdapter PrimaryIsNotTheChoosenAdapter PrimaryIsNotTheChoosenAdapter PrimaryIsNotTheChoosenAdapter PrimaryIsNotTheChoosenAdapter PrimaryIsNotTheChoosenAdapter PrimaryIsNotTheChoosenAdapter PrimaryIsNotTheChoosenAdapter PrimaryIsNotTheChoosenAdapter FoundDriverCount:4 
[2017.10.08-09.10.31:776][  0]LogD3D11RHI:     Adapter Name: NVIDIA GeForce GTX 1060
[2017.10.08-09.10.31:776][  0]LogD3D11RHI:   Driver Version: 384.94 (internal:22.21.13.8494, unified:384.94)
[2017.10.08-09.10.31:776][  0]LogD3D11RHI:      Driver Date: 7-18-2017
[2017.10.08-09.10.31:776][  0]LogRHI: Texture pool is 1361 MB (70% of 1945 MB)
[2017.10.08-09.10.31:818][  0]LogD3D11RHI: Async texture creation enabled
[2017.10.08-09.10.31:830][  0]LogD3D11RHI: GPU Timing Frequency: 1000.000000 (Debug: 2 1)
[2017.10.08-09.10.31:838][  0]LogShaderCompilers: Guid format shader working directory is -13 characters bigger than the processId version (C:/Users/marku/OneDrive/Documents/Unreal Projects/JunsuTwoD/Intermediate/Shaders/WorkingDirectory/5476/).
[2017.10.08-09.10.31:839][  0]LogShaderCompilers: Cleaned the shader compiler working directory 'C:/Users/marku/AppData/Local/Temp/UnrealShaderWorkingDir/83EC7914468FD4F73779BCB217E22AB5/'.
[2017.10.08-09.10.31:839][  0]LogShaderCompilers:Display: Using Local Shader Compiler.
[2017.10.08-09.10.33:053][  0]LogTemp:Display: Loaded TP AllDesktopTargetPlatform
[2017.10.08-09.10.33:109][  0]LogTemp:Display: Loaded TP MacClientTargetPlatform
[2017.10.08-09.10.33:169][  0]LogTemp:Display: Loaded TP MacNoEditorTargetPlatform
[2017.10.08-09.10.33:224][  0]LogTemp:Display: Loaded TP MacServerTargetPlatform
[2017.10.08-09.10.33:279][  0]LogTemp:Display: Loaded TP MacTargetPlatform
[2017.10.08-09.10.33:332][  0]LogTemp:Display: Loaded TP WindowsClientTargetPlatform
[2017.10.08-09.10.33:387][  0]LogTemp:Display: Loaded TP WindowsNoEditorTargetPlatform
[2017.10.08-09.10.33:443][  0]LogTemp:Display: Loaded TP WindowsServerTargetPlatform
[2017.10.08-09.10.33:490][  0]LogTemp:Display: Loaded TP WindowsTargetPlatform
[2017.10.08-09.10.33:544][  0]LogTemp:Display: Loaded TP AndroidTargetPlatform
[2017.10.08-09.10.33:596][  0]LogTemp:Display: Loaded TP Android_ASTCTargetPlatform
[2017.10.08-09.10.33:652][  0]LogTemp:Display: Loaded TP Android_ATCTargetPlatform
[2017.10.08-09.10.33:705][  0]LogTemp:Display: Loaded TP Android_DXTTargetPlatform
[2017.10.08-09.10.33:774][  0]LogTemp:Display: Loaded TP Android_ETC1TargetPlatform
[2017.10.08-09.10.33:832][  0]LogTemp:Display: Loaded TP Android_ETC2TargetPlatform
[2017.10.08-09.10.33:953][  0]LogTemp:Display: Loaded TP Android_MultiTargetPlatform
[2017.10.08-09.10.33:953][  0]LogTemp:Display: Loaded TP Android_PVRTCTargetPlatform
[2017.10.08-09.10.33:995][  0]LogTemp:Display: Loaded TP HTML5TargetPlatform
[2017.10.08-09.10.34:089][  0]LogTemp:Display: Loaded TP IOSTargetPlatform
[2017.10.08-09.10.34:117][  0]LogTemp:Display: Loaded TP TVOSTargetPlatform
[2017.10.08-09.10.34:170][  0]LogTemp:Display: Loaded TP LinuxClientTargetPlatform
[2017.10.08-09.10.34:222][  0]LogTemp:Display: Loaded TP LinuxNoEditorTargetPlatform
[2017.10.08-09.10.34:278][  0]LogTemp:Display: Loaded TP LinuxServerTargetPlatform
[2017.10.08-09.10.34:330][  0]LogTemp:Display: Loaded TP LinuxTargetPlatform
[2017.10.08-09.10.34:330][  0]LogTargetPlatformManager:Display: Building Assets For Windows
[2017.10.08-09.10.34:883][  0]LogDerivedDataCache:Display: Max Cache Size: 512 MB
[2017.10.08-09.10.34:985][  0]LogDerivedDataCache: Loaded boot cache 0.10s 90MB C:/Users/marku/AppData/Local/UnrealEngine/4.16/DerivedDataCache/Boot.ddc.
[2017.10.08-09.10.34:985][  0]LogDerivedDataCache:Display: Loaded Boot cache: C:/Users/marku/AppData/Local/UnrealEngine/4.16/DerivedDataCache/Boot.ddc
[2017.10.08-09.10.34:985][  0]LogDerivedDataCache: FDerivedDataBackendGraph:  Pak pak cache file C:/Users/marku/OneDrive/Documents/Unreal Projects/JunsuTwoD/DerivedDataCache/DDC.ddp not found, will not use a pak cache.
[2017.10.08-09.10.34:985][  0]LogDerivedDataCache: Unable to find inner node Pak for hierarchical cache Hierarchy.
[2017.10.08-09.10.34:985][  0]LogDerivedDataCache: FDerivedDataBackendGraph:  CompressedPak pak cache file C:/Users/marku/OneDrive/Documents/Unreal Projects/JunsuTwoD/DerivedDataCache/Compressed.ddp not found, will not use a pak cache.
[2017.10.08-09.10.34:985][  0]LogDerivedDataCache: Unable to find inner node CompressedPak for hierarchical cache Hierarchy.
[2017.10.08-09.10.35:004][  0]LogDerivedDataCache:Display: Pak cache opened for reading ../../../Engine/DerivedDataCache/Compressed.ddp.
[2017.10.08-09.10.35:019][  0]LogDerivedDataCache: Using Local data cache path C:/Users/marku/AppData/Local/UnrealEngine/Common/DerivedDataCache: Writable
[2017.10.08-09.10.35:030][  0]LogMaterial: Verifying Global Shaders for PCD3D_SM5
[2017.10.08-09.10.35:031][  0]LogSlate: Using Freetype 2.6.0
[2017.10.08-09.10.35:032][  0]LogSlate: SlateFontCache - WITH_FREETYPE: 1, WITH_HARFBUZZ: 1
[2017.10.08-09.10.35:032][  0]LogSlate: SlateFontCache - WITH_FREETYPE: 1, WITH_HARFBUZZ: 1
[2017.10.08-09.10.35:528][  0]LogInit: Selected Device Profile: [Windows]
[2017.10.08-09.10.35:612][  0]LogContentStreaming: Texture pool size is 0.00 MB
[2017.10.08-09.10.35:785][  0]LogMeshUtilities: Using QuadricMeshReduction for automatic static mesh reduction
[2017.10.08-09.10.35:833][  0]LogSimplygon: Simplygon DLL not present - disabling.
[2017.10.08-09.10.35:887][  0]LogMeshUtilities: Using SimplygonSwarm for distributed automatic mesh merging
[2017.10.08-09.10.35:887][  0]LogMeshUtilities: No automatic skeletal mesh reduction module available
[2017.10.08-09.10.35:887][  0]LogMeshUtilities: No automatic mesh merging module available
[2017.10.08-09.10.36:519][  0]LogNetVersion: JunsuTwoD , NetCL: 3452394, EngineNetVer: 2, GameNetVer: 0 (Checksum: 934518795)
[2017.10.08-09.10.36:581][  0]LogAssetRegistry: FAssetRegistry took 0.0276 seconds to start up
[2017.10.08-09.10.36:668][  0]LogPackageLocalizationCache: Processed 4 localized package path(s) for 2 prioritized culture(s) in 0.066272 seconds
[2017.10.08-09.10.36:673][  0]LogUObjectArray: 34194 objects as part of root set at end of initial load.
[2017.10.08-09.10.36:673][  0]LogUObjectAllocator: 7260424 out of 0 bytes used by permanent object pool.
[2017.10.08-09.10.36:673][  0]LogUObjectArray: CloseDisregardForGC: 0/0 objects in disregard for GC pool
[2017.10.08-09.10.36:728][  0]LogInit: WinSock: version 1.1 (2.2), MaxSocks=32767, MaxUdp=65467
[2017.10.08-09.10.39:924][  0]LogTcpMessaging: Initializing TcpMessaging bridge
[2017.10.08-09.10.39:974][  0]LogUdpMessaging: Initializing bridge on interface 0.0.0.0:0 to multicast group 230.0.0.1:6666.
[2017.10.08-09.10.40:657][  0]LogMaterial: Uniform references updated for custom material expression Custom.
[2017.10.08-09.10.41:162][  0]SourceControl: Info Source control is disabled
[2017.10.08-09.10.41:164][  0]SourceControl: Info Source control is disabled
[2017.10.08-09.10.41:218][  0]SourceControl: Info Source control is disabled
[2017.10.08-09.10.41:275][  0]SourceControl: Info Source control is disabled
[2017.10.08-09.10.42:186][  0]LogAndroidPermission: UAndroidPermissionCallbackProxy::GetInstance
[2017.10.08-09.10.42:968][  0]LogEngine: Initializing Engine...
[2017.10.08-09.10.42:970][  0]LogHMD: Failed to initialize OpenVR with code 110
[2017.10.08-09.10.43:492][  0]LogStats: UGameplayTagsManager::ConstructGameplayTagTree: Construct from data asset -  0.000 s
[2017.10.08-09.10.43:492][  0]LogStats: UGameplayTagsManager::ConstructGameplayTagTree: GameplayTagTreeChangedEvent.Broadcast -  0.000 s
[2017.10.08-09.10.43:708][  0]LogAIModule: Creating AISystem for world Untitled
[2017.10.08-09.10.43:751][  0]LogInit: XAudio2 using 'Speakers (Realtek High Definition Audio)' : 2 channels at 48 kHz using 32 bits per sample (channel mask 0x3)
[2017.10.08-09.10.44:114][  0]LogInit: FAudioDevice initialized.
[2017.10.08-09.10.44:170][  0]LogDerivedDataCache: Saved boot cache 0.06s 90MB C:/Users/marku/AppData/Local/UnrealEngine/4.16/DerivedDataCache/Boot.ddc.
[2017.10.08-09.10.44:181][  0]LogInit: Texture streaming: Enabled
[2017.10.08-09.10.44:271][  0]LogEngineSessionManager: EngineSessionManager initialized
[2017.10.08-09.10.44:541][  0]LogInit: Transaction tracking system initialized
[2017.10.08-09.10.44:916][  0]BlueprintLog: New page: Editor Load
[2017.10.08-09.10.46:048][  0]LocalizationService: Info Localization service is disabled
[2017.10.08-09.10.46:955][  0]LogConsoleResponse:Display: 
[2017.10.08-09.10.47:189][  0]LogCook:Display: Max memory allowance for cook 16384mb min free memory 0mb
[2017.10.08-09.10.47:189][  0]LogCook:Display: Mobile HDR setting 1
[2017.10.08-09.10.47:857][  0]LogFileCache: Scanning file cache for directory 'C:/Users/marku/OneDrive/Documents/Unreal Projects/JunsuTwoD/Content/' took 0.03s
[2017.10.08-09.10.48:501][  0]SourceControl: Info Source control is disabled
[2017.10.08-09.10.48:501][  0]Cmd: MAP LOAD FILE="C:/Users/marku/OneDrive/Documents/Unreal Projects/JunsuTwoD/Content/maps/NewMap.umap" TEMPLATE=0 SHOWPROGRESS=1 FEATURELEVEL=3
[2017.10.08-09.10.48:502][  0]LightingResults: New page: Lighting Build
[2017.10.08-09.10.48:546][  0]MapCheck: New page: Map Check
[2017.10.08-09.10.48:546][  0]LightingResults: New page: Lighting Build
[2017.10.08-09.10.49:181][  0]LogAIModule: Creating AISystem for world NewMap
[2017.10.08-09.10.49:208][  0]LogEditorServer: Finished looking for orphan Actors (0.000 secs)
[2017.10.08-09.10.49:229][  0]Cmd: MAP CHECKDEP NOCLEARLOG
[2017.10.08-09.10.49:329][  0]MapCheck: Info Map check complete: 0 Error(s), 0 Warning(s), took 100.51ms to complete.
[2017.10.08-09.10.49:329][  0]LogFileHelpers: Loading map 'NewMap' took 0.828
[2017.10.08-09.10.49:408][  0]LogWindowsTextInputMethodSystem:Display: IME system now deactivated.
[2017.10.08-09.10.49:787][  0]LogCollectionManager: Loaded 0 collections in 0.001803 seconds
[2017.10.08-09.10.49:953][  0]LogFileCache: Scanning file cache for directory 'C:/Users/marku/OneDrive/Documents/Unreal Projects/JunsuTwoD/Saved/Collections/' took 0.01s
[2017.10.08-09.10.49:953][  0]LogFileCache: Scanning file cache for directory 'C:/Users/marku/OneDrive/Documents/Unreal Projects/JunsuTwoD/Content/Developers/marku/Collections/' took 0.01s
[2017.10.08-09.10.49:953][  0]LogFileCache: Scanning file cache for directory 'C:/Users/marku/OneDrive/Documents/Unreal Projects/JunsuTwoD/Content/Collections/' took 0.01s
[2017.10.08-09.10.49:953][  0]LogCollectionManager: Rebuilt the GUID cache for 0 collections in 0.000002 seconds
[2017.10.08-09.10.49:966][  0]LogContentBrowser: Native class hierarchy populated in 0.0119 seconds. Added 2329 classes and 491 folders.
[2017.10.08-09.10.50:067][  0]LogContentBrowser: Native class hierarchy updated for 'WidgetCarousel' in 0.0013 seconds. Added 0 classes and 0 folders.
[2017.10.08-09.10.50:638][  0]LogContentBrowser: Native class hierarchy updated for 'AddContentDialog' in 0.0025 seconds. Added 0 classes and 0 folders.
[2017.10.08-09.10.50:772][  0]LogContentBrowser: Native class hierarchy updated for 'SceneOutliner' in 0.0011 seconds. Added 1 classes and 2 folders.
[2017.10.08-09.10.51:314][  0]LogCrashTracker: Crashtracker disabled due to settings.
[2017.10.08-09.10.51:338][  0]LogSlate: Took 0.000581 seconds to synchronously load lazily loaded font '../../../Engine/Content/Slate/Fonts/Roboto-Regular.ttf' (155K)
[2017.10.08-09.10.51:340][  0]LogSlate: Took 0.000527 seconds to synchronously load lazily loaded font '../../../Engine/Content/Slate/Fonts/Roboto-Bold.ttf' (160K)
[2017.10.08-09.10.51:375][  0]LogSlate: Took 0.007856 seconds to synchronously load lazily loaded font '../../../Engine/Content/Editor/Slate/Fonts/FontAwesome.ttf' (139K)
[2017.10.08-09.10.51:521][  0]LogRenderer: Reallocating scene render targets to support 700x580 NumSamples 1 (Frame:1).
[2017.10.08-09.10.51:844][  0]LogUObjectGlobals:Warning: Failed to find object 'Class None.'
[2017.10.08-09.10.51:919][  0]LogContentBrowser: Native class hierarchy updated for 'HierarchicalLODOutliner' in 0.0011 seconds. Added 1 classes and 2 folders.
[2017.10.08-09.10.51:919][  0]LogLoad: (Engine Initialization) Total time: 24.12 seconds
[2017.10.08-09.10.51:919][  0]LogLoad: (Engine Initialization) Total Blueprint compile time: 0.26 seconds
[2017.10.08-09.10.51:919][  0]LogExternalProfiler: No external profilers were discovered.  External profiling features will not be available.
[2017.10.08-09.10.51:957][  0]LogOcInput: OculusInput pre-init called
[2017.10.08-09.10.51:957][  0]LogHMD: Starting GearVRController plugin
[2017.10.08-09.10.52:022][  0]LogContentStreaming: Texture pool size now 3000 MB
[2017.10.08-09.10.52:116][  0]LogSlate: Took 0.006895 seconds to synchronously load lazily loaded font '../../../Engine/Content/Slate/Fonts/Roboto-Light.ttf' (159K)
[2017.10.08-09.10.52:186][  1]LogAssetRegistry: Asset discovery search completed in 15.6282 seconds
[2017.10.08-09.10.52:189][  1]LogCollectionManager: Rebuilt the object cache for 0 collections in 0.000000 seconds (found 0 objects)
[2017.10.08-09.10.52:189][  1]LogCollectionManager: Fixed up redirectors for 0 collections in 0.000028 seconds (updated 0 objects)
[2017.10.08-09.11.31:840][355]LogRenderer: Reallocating scene render targets to support 724x580 NumSamples 1 (Frame:260).
[2017.10.08-09.12.20:590][696]LogRenderer: Reallocating scene render targets to support 772x580 NumSamples 1 (Frame:467).
[2017.10.08-09.12.20:638][697]LogRenderer: Reallocating scene render targets to support 904x580 NumSamples 1 (Frame:469).
[2017.10.08-09.12.20:680][698]LogRenderer: Reallocating scene render targets to support 1068x580 NumSamples 1 (Frame:471).
[2017.10.08-09.12.20:762][699]LogRenderer: Reallocating scene render targets to support 1208x580 NumSamples 1 (Frame:473).
[2017.10.08-09.12.20:845][700]LogRenderer: Reallocating scene render targets to support 1312x580 NumSamples 1 (Frame:475).
[2017.10.08-09.12.20:925][701]LogRenderer: Reallocating scene render targets to support 1316x580 NumSamples 1 (Frame:477).
[2017.10.08-09.13.02:113][733]LogSlate: Took 0.000345 seconds to synchronously load lazily loaded font '../../../Engine/Content/Slate/Fonts/Roboto-Light.ttf' (159K)
[2017.10.08-09.13.02:588][733]LogContentBrowser: Native class hierarchy updated for 'BlueprintGraph' in 0.0015 seconds. Added 112 classes and 0 folders.
[2017.10.08-09.13.03:194][733]LogSlate: Took 0.000315 seconds to synchronously load lazily loaded font '../../../Engine/Content/Slate/Fonts/Roboto-Regular.ttf' (155K)
[2017.10.08-09.13.03:265][733]LogSlate: Took 0.000296 seconds to synchronously load lazily loaded font '../../../Engine/Content/Editor/Slate/Fonts/Roboto-BoldCondensed.ttf' (158K)
[2017.10.08-09.13.05:601][801]LogSlate: Took 0.000612 seconds to synchronously load lazily loaded font '../../../Engine/Content/Editor/Slate/Fonts/Roboto-Italic.ttf' (157K)
[2017.10.08-09.15.09:739][850]LogSlate: Took 0.011892 seconds to synchronously load lazily loaded font '../../../Engine/Content/Editor/Slate/Fonts/Roboto-BoldCondensedItalic.ttf' (160K)
[2017.10.08-09.18.26:298][464]LogSlate: Took 0.000383 seconds to synchronously load lazily loaded font '../../../Engine/Content/Slate/Fonts/Roboto-Light.ttf' (159K)
[2017.10.08-09.27.56:966][371]Cmd: OBJ SAVEPACKAGE PACKAGE="/Game/maps/NewMap" FILE="C:/Users/marku/OneDrive/Documents/Unreal Projects/JunsuTwoD/Saved/Autosaves/Game/maps/NewMap_Auto1.umap" SILENT=true AUTOSAVING=true KEEPDIRTY=false
[2017.10.08-09.27.57:085][371]LogSavePackage: Save=70.16ms
[2017.10.08-09.27.57:085][371]LogSavePackage: Moving 'C:/Users/marku/OneDrive/Documents/Unreal Projects/JunsuTwoD/Saved/NewMap_Auto1CEF2322B4251111C39186D83554A2DC5.tmp' to 'C:/Users/marku/OneDrive/Documents/Unreal Projects/JunsuTwoD/Saved/Autosaves/Game/maps/NewMap_Auto1.umap'
[2017.10.08-09.27.57:090][371]LogSavePackage:Display: Finished SavePackage C:/Users/marku/OneDrive/Documents/Unreal Projects/JunsuTwoD/Saved/Autosaves/Game/maps/NewMap_Auto1.umap
[2017.10.08-09.27.57:102][371]LogFileHelpers: Editor autosave (incl. sublevels) for '/Game/maps/NewMap' took 0.479
[2017.10.08-09.27.57:102][371]LogFileHelpers: Editor autosave (incl. sublevels) for all levels took 0.479
[2017.10.08-09.27.57:106][371]OBJ SavePackage: Generating thumbnails for [0] asset(s) in package [/Game/JunsuProject/blueprints/mungchungi] ([1] browsable assets)...
[2017.10.08-09.27.57:106][371]OBJ SavePackage: Finished generating thumbnails for package [/Game/JunsuProject/blueprints/mungchungi]
[2017.10.08-09.27.57:217][371]LogSavePackage: Save=84.06ms
[2017.10.08-09.27.57:217][371]LogSavePackage: Moving 'C:/Users/marku/OneDrive/Documents/Unreal Projects/JunsuTwoD/Saved/mungchungi_Auto1DA701EFC4CB657EEA099AC9513B92AF4.tmp' to 'C:/Users/marku/OneDrive/Documents/Unreal Projects/JunsuTwoD/Saved/Autosaves/Game/JunsuProject/blueprints/mungchungi_Auto1.uasset'
[2017.10.08-09.27.57:222][371]LogSavePackage:Display: Finished SavePackage C:/Users/marku/OneDrive/Documents/Unreal Projects/JunsuTwoD/Saved/Autosaves/Game/JunsuProject/blueprints/mungchungi_Auto1.uasset
[2017.10.08-09.27.57:222][371]LogFileHelpers: Auto-saving content packages took 0.119
[2017.10.08-09.30.03:584][390]LogEditorTransaction: Undo Delete current selection
[2017.10.08-09.44.03:403][313]LogEditorTransaction: Undo Delete current selection
[2017.10.08-09.47.17:848][688]BlueprintLog: New page: Compile mungchungi
[2017.10.08-09.47.19:147][698]Cmd: OBJ SAVEPACKAGE PACKAGE="/Game/JunsuProject/blueprints/mungchungi" FILE="C:/Users/marku/OneDrive/Documents/Unreal Projects/JunsuTwoD/Content/JunsuProject/blueprints/mungchungi.uasset" SILENT=true
[2017.10.08-09.47.19:323][698]LogSavePackage: Save=115.06ms
[2017.10.08-09.47.19:324][698]LogSavePackage: Moving 'C:/Users/marku/OneDrive/Documents/Unreal Projects/JunsuTwoD/Saved/mungchungiBDC8B8C44F9F9E54E0AD59B3C191936F.tmp' to 'C:/Users/marku/OneDrive/Documents/Unreal Projects/JunsuTwoD/Content/JunsuProject/blueprints/mungchungi.uasset'
[2017.10.08-09.47.19:333][698]LogSavePackage:Display: Finished SavePackage C:/Users/marku/OneDrive/Documents/Unreal Projects/JunsuTwoD/Content/JunsuProject/blueprints/mungchungi.uasset
[2017.10.08-09.47.28:196][962]LogTemp: Repeting last play command: Selected Viewport
[2017.10.08-09.47.28:292][962]LogPlayLevel: PlayLevel: No blueprints needed recompiling
[2017.10.08-09.47.28:301][962]PIE: New page: PIE session: NewMap (Oct 9, 2017, 3:47:28 AM)
[2017.10.08-09.47.28:301][962]LogPlayLevel: Creating play world package: /Game/maps/UEDPIE_0_NewMap
[2017.10.08-09.47.28:339][962]LogPlayLevel: PIE: StaticDuplicateObject took: (0.038282s)
[2017.10.08-09.47.28:340][962]LogAIModule: Creating AISystem for world NewMap
[2017.10.08-09.47.28:340][962]LogPlayLevel: PIE: World Init took: (0.000758s)
[2017.10.08-09.47.28:340][962]LogPlayLevel: PIE: Created PIE world by copying editor world from /Game/maps/NewMap.NewMap to /Game/maps/UEDPIE_0_NewMap.NewMap (0.039219s)
[2017.10.08-09.47.28:385][962]LogInit: XAudio2 using 'Speakers (Realtek High Definition Audio)' : 2 channels at 48 kHz using 32 bits per sample (channel mask 0x3)
[2017.10.08-09.47.28:523][962]LogInit: FAudioDevice initialized.
[2017.10.08-09.47.28:604][962]LogLoad: Game class is '2DSideScrollerGameMode_C'
[2017.10.08-09.47.28:623][962]LogWorld: Bringing World /Game/maps/UEDPIE_0_NewMap.NewMap up for play (max tick rate 60) at 2017.10.08-18.47.28
[2017.10.08-09.47.28:624][962]LogWorld: Bringing up level for play took: 0.001836
[2017.10.08-09.47.28:708][962]LogContentBrowser: Native class hierarchy updated for 'MovieSceneCapture' in 0.0013 seconds. Added 11 classes and 0 folders.
[2017.10.08-09.47.28:750][962]PIE: Info Play in editor start time for /Game/maps/UEDPIE_0_NewMap -0.434
[2017.10.08-09.47.40:718][426]LogEditorViewport: Clicking on Actor (LMB): mungchungi_C (mungchungi)
[2017.10.08-09.48.08:004][432]LogTemp: Repeting last play command: Selected Viewport
[2017.10.08-09.48.08:018][432]LogPlayLevel: PlayLevel: No blueprints needed recompiling
[2017.10.08-09.48.08:018][432]PIE: New page: PIE session: NewMap (Oct 9, 2017, 3:48:08 AM)
[2017.10.08-09.48.08:018][432]LogPlayLevel: Creating play world package: /Game/maps/UEDPIE_0_NewMap
[2017.10.08-09.48.08:022][432]LogPlayLevel: PIE: StaticDuplicateObject took: (0.003770s)
[2017.10.08-09.48.08:022][432]LogAIModule: Creating AISystem for world NewMap
[2017.10.08-09.48.08:022][432]LogPlayLevel: PIE: World Init took: (0.000688s)
[2017.10.08-09.48.08:022][432]LogPlayLevel: PIE: Created PIE world by copying editor world from /Game/maps/NewMap.NewMap to /Game/maps/UEDPIE_0_NewMap.NewMap (0.004626s)
[2017.10.08-09.48.08:077][432]LogInit: XAudio2 using 'Speakers (Realtek High Definition Audio)' : 2 channels at 48 kHz using 32 bits per sample (channel mask 0x3)
[2017.10.08-09.48.08:216][432]LogInit: FAudioDevice initialized.
[2017.10.08-09.48.08:249][432]LogLoad: Game class is '2DSideScrollerGameMode_C'
[2017.10.08-09.48.08:253][432]LogWorld: Bringing World /Game/maps/UEDPIE_0_NewMap.NewMap up for play (max tick rate 60) at 2017.10.08-18.48.08
[2017.10.08-09.48.08:253][432]LogWorld: Bringing up level for play took: 0.001617
[2017.10.08-09.48.08:254][432]PIE: Info Play in editor start time for /Game/maps/UEDPIE_0_NewMap 1.07
[2017.10.08-09.51.34:349][527]Cmd: OBJ SAVEPACKAGE PACKAGE="/Game/JunsuProject/blueprints/mungchungi" FILE="C:/Users/marku/OneDrive/Documents/Unreal Projects/JunsuTwoD/Content/JunsuProject/blueprints/mungchungi.uasset" SILENT=true
[2017.10.08-09.51.34:483][527]LogSavePackage: Save=105.50ms
[2017.10.08-09.51.34:483][527]LogSavePackage: Moving 'C:/Users/marku/OneDrive/Documents/Unreal Projects/JunsuTwoD/Saved/mungchungi16C3906F4AF4E045123683B0183DC0B3.tmp' to 'C:/Users/marku/OneDrive/Documents/Unreal Projects/JunsuTwoD/Content/JunsuProject/blueprints/mungchungi.uasset'
[2017.10.08-09.51.34:491][527]LogSavePackage:Display: Finished SavePackage C:/Users/marku/OneDrive/Documents/Unreal Projects/JunsuTwoD/Content/JunsuProject/blueprints/mungchungi.uasset
[2017.10.08-09.51.40:317][673]BlueprintLog: New page: Compile mungchungi
[2017.10.08-09.51.42:046][693]Cmd: OBJ SAVEPACKAGE PACKAGE="/Game/JunsuProject/blueprints/mungchungi" FILE="C:/Users/marku/OneDrive/Documents/Unreal Projects/JunsuTwoD/Content/JunsuProject/blueprints/mungchungi.uasset" SILENT=true
[2017.10.08-09.51.42:176][693]LogSavePackage: Save=104.14ms
[2017.10.08-09.51.42:176][693]LogSavePackage: Moving 'C:/Users/marku/OneDrive/Documents/Unreal Projects/JunsuTwoD/Saved/mungchungi163E9AEC4EC3FACBF8FE29B83957FA03.tmp' to 'C:/Users/marku/OneDrive/Documents/Unreal Projects/JunsuTwoD/Content/JunsuProject/blueprints/mungchungi.uasset'
[2017.10.08-09.51.42:181][693]LogSavePackage:Display: Finished SavePackage C:/Users/marku/OneDrive/Documents/Unreal Projects/JunsuTwoD/Content/JunsuProject/blueprints/mungchungi.uasset
[2017.10.08-09.51.45:504][795]LogTemp: Repeting last play command: Selected Viewport
[2017.10.08-09.51.45:519][795]LogPlayLevel: PlayLevel: No blueprints needed recompiling
[2017.10.08-09.51.45:519][795]PIE: New page: PIE session: NewMap (Oct 9, 2017, 3:51:45 AM)
[2017.10.08-09.51.45:519][795]LogPlayLevel: Creating play world package: /Game/maps/UEDPIE_0_NewMap
[2017.10.08-09.51.45:523][795]LogPlayLevel: PIE: StaticDuplicateObject took: (0.003423s)
[2017.10.08-09.51.45:523][795]LogAIModule: Creating AISystem for world NewMap
[2017.10.08-09.51.45:524][795]LogPlayLevel: PIE: World Init took: (0.000693s)
[2017.10.08-09.51.45:524][795]LogPlayLevel: PIE: Created PIE world by copying editor world from /Game/maps/NewMap.NewMap to /Game/maps/UEDPIE_0_NewMap.NewMap (0.004296s)
[2017.10.08-09.51.45:573][795]LogInit: XAudio2 using 'Speakers (Realtek High Definition Audio)' : 2 channels at 48 kHz using 32 bits per sample (channel mask 0x3)
[2017.10.08-09.51.45:717][795]LogInit: FAudioDevice initialized.
[2017.10.08-09.51.45:750][795]LogLoad: Game class is '2DSideScrollerGameMode_C'
[2017.10.08-09.51.45:752][795]LogWorld: Bringing World /Game/maps/UEDPIE_0_NewMap.NewMap up for play (max tick rate 60) at 2017.10.08-18.51.45
[2017.10.08-09.51.45:753][795]LogWorld: Bringing up level for play took: 0.001498
[2017.10.08-09.51.45:754][795]PIE: Info Play in editor start time for /Game/maps/UEDPIE_0_NewMap 0.57
[2017.10.08-09.52.06:036][603]LogTemp: Repeting last play command: Selected Viewport
[2017.10.08-09.52.06:053][603]LogPlayLevel: PlayLevel: No blueprints needed recompiling
[2017.10.08-09.52.06:053][603]PIE: New page: PIE session: NewMap (Oct 9, 2017, 3:52:06 AM)
[2017.10.08-09.52.06:053][603]LogPlayLevel: Creating play world package: /Game/maps/UEDPIE_0_NewMap
[2017.10.08-09.52.06:056][603]LogPlayLevel: PIE: StaticDuplicateObject took: (0.002981s)
[2017.10.08-09.52.06:057][603]LogAIModule: Creating AISystem for world NewMap
[2017.10.08-09.52.06:057][603]LogPlayLevel: PIE: World Init took: (0.000677s)
[2017.10.08-09.52.06:058][603]LogPlayLevel: PIE: Created PIE world by copying editor world from /Game/maps/NewMap.NewMap to /Game/maps/UEDPIE_0_NewMap.NewMap (0.003908s)
[2017.10.08-09.52.06:091][603]LogInit: XAudio2 using 'Speakers (Realtek High Definition Audio)' : 2 channels at 48 kHz using 32 bits per sample (channel mask 0x3)
[2017.10.08-09.52.06:228][603]LogInit: FAudioDevice initialized.
[2017.10.08-09.52.06:264][603]LogLoad: Game class is '2DSideScrollerGameMode_C'
[2017.10.08-09.52.06:267][603]LogWorld: Bringing World /Game/maps/UEDPIE_0_NewMap.NewMap up for play (max tick rate 60) at 2017.10.08-18.52.06
[2017.10.08-09.52.06:267][603]LogWorld: Bringing up level for play took: 0.001378
[2017.10.08-09.52.06:269][603]PIE: Info Play in editor start time for /Game/maps/UEDPIE_0_NewMap 1.084
[2017.10.08-09.52.47:105][691]LogEditorViewport: Clicking on Actor (LMB): babo_C (babo)
[2017.10.08-09.52.47:980][697]LogEditorViewport: Clicking on Actor (LMB): babo_C (babo)
[2017.10.08-09.52.56:541][939]LogEditorViewport: Clicking on Actor (LMB): mungchungi_C (mungchungi)
[2017.10.08-09.56.13:584][981]BlueprintLog: New page: Compile mungchungi
[2017.10.08-09.56.14:197][989]Cmd: OBJ SAVEPACKAGE PACKAGE="/Game/JunsuProject/blueprints/mungchungi" FILE="C:/Users/marku/OneDrive/Documents/Unreal Projects/JunsuTwoD/Content/JunsuProject/blueprints/mungchungi.uasset" SILENT=true
[2017.10.08-09.56.14:331][989]LogSavePackage: Save=106.52ms
[2017.10.08-09.56.14:331][989]LogSavePackage: Moving 'C:/Users/marku/OneDrive/Documents/Unreal Projects/JunsuTwoD/Saved/mungchungiCB076A2A42E284FCFC9CBA8B30EACE40.tmp' to 'C:/Users/marku/OneDrive/Documents/Unreal Projects/JunsuTwoD/Content/JunsuProject/blueprints/mungchungi.uasset'
[2017.10.08-09.56.14:341][989]LogSavePackage:Display: Finished SavePackage C:/Users/marku/OneDrive/Documents/Unreal Projects/JunsuTwoD/Content/JunsuProject/blueprints/mungchungi.uasset
[2017.10.08-09.56.14:897][  5]LogTemp: Repeting last play command: Selected Viewport
[2017.10.08-09.56.14:913][  5]LogPlayLevel: PlayLevel: No blueprints needed recompiling
[2017.10.08-09.56.14:913][  5]PIE: New page: PIE session: NewMap (Oct 9, 2017, 3:56:14 AM)
[2017.10.08-09.56.14:913][  5]LogPlayLevel: Creating play world package: /Game/maps/UEDPIE_0_NewMap
[2017.10.08-09.56.14:918][  5]LogPlayLevel: PIE: StaticDuplicateObject took: (0.004256s)
[2017.10.08-09.56.14:918][  5]LogAIModule: Creating AISystem for world NewMap
[2017.10.08-09.56.14:918][  5]LogPlayLevel: PIE: World Init took: (0.000858s)
[2017.10.08-09.56.14:919][  5]LogPlayLevel: PIE: Created PIE world by copying editor world from /Game/maps/NewMap.NewMap to /Game/maps/UEDPIE_0_NewMap.NewMap (0.005476s)
[2017.10.08-09.56.14:971][  5]LogInit: XAudio2 using 'Speakers (Realtek High Definition Audio)' : 2 channels at 48 kHz using 32 bits per sample (channel mask 0x3)
[2017.10.08-09.56.15:120][  5]LogInit: FAudioDevice initialized.
[2017.10.08-09.56.15:153][  5]LogLoad: Game class is '2DSideScrollerGameMode_C'
[2017.10.08-09.56.15:156][  5]LogWorld: Bringing World /Game/maps/UEDPIE_0_NewMap.NewMap up for play (max tick rate 60) at 2017.10.08-18.56.15
[2017.10.08-09.56.15:156][  5]LogWorld: Bringing up level for play took: 0.001804
[2017.10.08-09.56.15:158][  5]PIE: Info Play in editor start time for /Game/maps/UEDPIE_0_NewMap -0.026
[2017.10.08-09.56.33:307][499]BlueprintLog: New page: Compile mungchungi
[2017.10.08-09.56.34:152][512]Cmd: OBJ SAVEPACKAGE PACKAGE="/Game/JunsuProject/blueprints/mungchungi" FILE="C:/Users/marku/OneDrive/Documents/Unreal Projects/JunsuTwoD/Content/JunsuProject/blueprints/mungchungi.uasset" SILENT=true
[2017.10.08-09.56.34:286][512]LogSavePackage: Save=107.13ms
[2017.10.08-09.56.34:286][512]LogSavePackage: Moving 'C:/Users/marku/OneDrive/Documents/Unreal Projects/JunsuTwoD/Saved/mungchungi4449301C443FD1ED69797D8FCA591195.tmp' to 'C:/Users/marku/OneDrive/Documents/Unreal Projects/JunsuTwoD/Content/JunsuProject/blueprints/mungchungi.uasset'
[2017.10.08-09.56.34:294][512]LogSavePackage:Display: Finished SavePackage C:/Users/marku/OneDrive/Documents/Unreal Projects/JunsuTwoD/Content/JunsuProject/blueprints/mungchungi.uasset
[2017.10.08-09.56.34:575][520]LogTemp: Repeting last play command: Selected Viewport
[2017.10.08-09.56.34:591][520]LogPlayLevel: PlayLevel: No blueprints needed recompiling
[2017.10.08-09.56.34:592][520]PIE: New page: PIE session: NewMap (Oct 9, 2017, 3:56:34 AM)
[2017.10.08-09.56.34:592][520]LogPlayLevel: Creating play world package: /Game/maps/UEDPIE_0_NewMap
[2017.10.08-09.56.34:596][520]LogPlayLevel: PIE: StaticDuplicateObject took: (0.003915s)
[2017.10.08-09.56.34:596][520]LogAIModule: Creating AISystem for world NewMap
[2017.10.08-09.56.34:596][520]LogPlayLevel: PIE: World Init took: (0.000712s)
[2017.10.08-09.56.34:597][520]LogPlayLevel: PIE: Created PIE world by copying editor world from /Game/maps/NewMap.NewMap to /Game/maps/UEDPIE_0_NewMap.NewMap (0.004837s)
[2017.10.08-09.56.34:645][520]LogInit: XAudio2 using 'Speakers (Realtek High Definition Audio)' : 2 channels at 48 kHz using 32 bits per sample (channel mask 0x3)
[2017.10.08-09.56.34:781][520]LogInit: FAudioDevice initialized.
[2017.10.08-09.56.34:817][520]LogLoad: Game class is '2DSideScrollerGameMode_C'
[2017.10.08-09.56.34:820][520]LogWorld: Bringing World /Game/maps/UEDPIE_0_NewMap.NewMap up for play (max tick rate 60) at 2017.10.08-18.56.34
[2017.10.08-09.56.34:820][520]LogWorld: Bringing up level for play took: 0.001465
[2017.10.08-09.56.34:822][520]PIE: Info Play in editor start time for /Game/maps/UEDPIE_0_NewMap -0.363
[2017.10.08-09.58.33:963][674]Cmd: OBJ SAVEPACKAGE PACKAGE="/Game/JunsuProject/blueprints/mungchungi" FILE="C:/Users/marku/OneDrive/Documents/Unreal Projects/JunsuTwoD/Content/JunsuProject/blueprints/mungchungi.uasset" SILENT=true
[2017.10.08-09.58.34:104][674]LogSavePackage: Save=115.20ms
[2017.10.08-09.58.34:104][674]LogSavePackage: Moving 'C:/Users/marku/OneDrive/Documents/Unreal Projects/JunsuTwoD/Saved/mungchungiE9DF08144B9E9A5D2F95CA8D4A6B1DD1.tmp' to 'C:/Users/marku/OneDrive/Documents/Unreal Projects/JunsuTwoD/Content/JunsuProject/blueprints/mungchungi.uasset'
[2017.10.08-09.58.34:132][674]LogSavePackage:Display: Finished SavePackage C:/Users/marku/OneDrive/Documents/Unreal Projects/JunsuTwoD/Content/JunsuProject/blueprints/mungchungi.uasset
[2017.10.08-09.58.34:741][690]BlueprintLog: New page: Compile mungchungi
[2017.10.08-09.58.35:500][701]Cmd: OBJ SAVEPACKAGE PACKAGE="/Game/JunsuProject/blueprints/mungchungi" FILE="C:/Users/marku/OneDrive/Documents/Unreal Projects/JunsuTwoD/Content/JunsuProject/blueprints/mungchungi.uasset" SILENT=true
[2017.10.08-09.58.35:647][701]LogSavePackage: Save=117.23ms
[2017.10.08-09.58.35:647][701]LogSavePackage: Moving 'C:/Users/marku/OneDrive/Documents/Unreal Projects/JunsuTwoD/Saved/mungchungi95534A8C4A11DD9A630BF7B1D16E7885.tmp' to 'C:/Users/marku/OneDrive/Documents/Unreal Projects/JunsuTwoD/Content/JunsuProject/blueprints/mungchungi.uasset'
[2017.10.08-09.58.35:651][701]LogSavePackage:Display: Finished SavePackage C:/Users/marku/OneDrive/Documents/Unreal Projects/JunsuTwoD/Content/JunsuProject/blueprints/mungchungi.uasset
[2017.10.08-09.58.50:380][107]Cmd: OBJ SAVEPACKAGE PACKAGE="/Game/JunsuProject/blueprints/mungchungi" FILE="C:/Users/marku/OneDrive/Documents/Unreal Projects/JunsuTwoD/Content/JunsuProject/blueprints/mungchungi.uasset" SILENT=true
[2017.10.08-09.58.50:512][107]LogSavePackage: Save=108.32ms
[2017.10.08-09.58.50:512][107]LogSavePackage: Moving 'C:/Users/marku/OneDrive/Documents/Unreal Projects/JunsuTwoD/Saved/mungchungiA50A58744B88392A7BB77791AAC6BE31.tmp' to 'C:/Users/marku/OneDrive/Documents/Unreal Projects/JunsuTwoD/Content/JunsuProject/blueprints/mungchungi.uasset'
[2017.10.08-09.58.50:519][107]LogSavePackage:Display: Finished SavePackage C:/Users/marku/OneDrive/Documents/Unreal Projects/JunsuTwoD/Content/JunsuProject/blueprints/mungchungi.uasset
[2017.10.08-09.58.53:128][147]LogTemp: Repeting last play command: Selected Viewport
[2017.10.08-09.58.53:146][147]LogPlayLevel: PlayLevel: No blueprints needed recompiling
[2017.10.08-09.58.53:146][147]PIE: New page: PIE session: NewMap (Oct 9, 2017, 3:58:53 AM)
[2017.10.08-09.58.53:147][147]LogPlayLevel: Creating play world package: /Game/maps/UEDPIE_0_NewMap
[2017.10.08-09.58.53:150][147]LogPlayLevel: PIE: StaticDuplicateObject took: (0.003928s)
[2017.10.08-09.58.53:151][147]LogAIModule: Creating AISystem for world NewMap
[2017.10.08-09.58.53:151][147]LogPlayLevel: PIE: World Init took: (0.000612s)
[2017.10.08-09.58.53:151][147]LogPlayLevel: PIE: Created PIE world by copying editor world from /Game/maps/NewMap.NewMap to /Game/maps/UEDPIE_0_NewMap.NewMap (0.004719s)
[2017.10.08-09.58.53:198][147]LogInit: XAudio2 using 'Speakers (Realtek High Definition Audio)' : 2 channels at 48 kHz using 32 bits per sample (channel mask 0x3)
[2017.10.08-09.58.53:344][147]LogInit: FAudioDevice initialized.
[2017.10.08-09.58.53:379][147]LogLoad: Game class is '2DSideScrollerGameMode_C'
[2017.10.08-09.58.53:381][147]LogWorld: Bringing World /Game/maps/UEDPIE_0_NewMap.NewMap up for play (max tick rate 60) at 2017.10.08-18.58.53
[2017.10.08-09.58.53:381][147]LogWorld: Bringing up level for play took: 0.001347
[2017.10.08-09.58.53:383][147]PIE: Info Play in editor start time for /Game/maps/UEDPIE_0_NewMap 0.199
[2017.10.08-09.59.01:052][379]LogEditorViewport: Clicking on Actor (LMB): mungchungi_C (mungchungi)
[2017.10.08-09.59.04:461][473]LogEditorViewport: Clicking Background
[2017.10.08-09.59.04:545][476]LogEditorViewport: Clicking Background
[2017.10.08-09.59.05:773][514]LogEditorViewport: Clicking on Actor (LMB): mungchungi_C (mungchungi)
[2017.10.08-10.00.42:455][ 51]Cmd: OBJ SAVEPACKAGE PACKAGE="/Game/JunsuProject/blueprints/mungchungi" FILE="C:/Users/marku/OneDrive/Documents/Unreal Projects/JunsuTwoD/Content/JunsuProject/blueprints/mungchungi.uasset" SILENT=true
[2017.10.08-10.00.42:604][ 51]LogSavePackage: Save=120.47ms
[2017.10.08-10.00.42:604][ 51]LogSavePackage: Moving 'C:/Users/marku/OneDrive/Documents/Unreal Projects/JunsuTwoD/Saved/mungchungi710A6B7146BCC84E5C2331B1D0A65456.tmp' to 'C:/Users/marku/OneDrive/Documents/Unreal Projects/JunsuTwoD/Content/JunsuProject/blueprints/mungchungi.uasset'
[2017.10.08-10.00.42:631][ 51]LogSavePackage:Display: Finished SavePackage C:/Users/marku/OneDrive/Documents/Unreal Projects/JunsuTwoD/Content/JunsuProject/blueprints/mungchungi.uasset
[2017.10.08-10.01.41:615][748]LogEditorTransaction: Undo Replace Pin Variable
[2017.10.08-10.02.57:695][521]BlueprintLog: New page: Compile mungchungi
[2017.10.08-10.02.58:560][534]Cmd: OBJ SAVEPACKAGE PACKAGE="/Game/JunsuProject/blueprints/mungchungi" FILE="C:/Users/marku/OneDrive/Documents/Unreal Projects/JunsuTwoD/Content/JunsuProject/blueprints/mungchungi.uasset" SILENT=true
[2017.10.08-10.02.58:698][534]LogSavePackage: Save=110.12ms
[2017.10.08-10.02.58:698][534]LogSavePackage: Moving 'C:/Users/marku/OneDrive/Documents/Unreal Projects/JunsuTwoD/Saved/mungchungi19FB97124FB63CA1EE048393B4113333.tmp' to 'C:/Users/marku/OneDrive/Documents/Unreal Projects/JunsuTwoD/Content/JunsuProject/blueprints/mungchungi.uasset'
[2017.10.08-10.02.58:707][534]LogSavePackage:Display: Finished SavePackage C:/Users/marku/OneDrive/Documents/Unreal Projects/JunsuTwoD/Content/JunsuProject/blueprints/mungchungi.uasset
[2017.10.08-10.03.04:059][707]LogTemp: Repeting last play command: Selected Viewport
[2017.10.08-10.03.04:074][707]LogPlayLevel: PlayLevel: No blueprints needed recompiling
[2017.10.08-10.03.04:074][707]PIE: New page: PIE session: NewMap (Oct 9, 2017, 4:03:04 AM)
[2017.10.08-10.03.04:074][707]LogPlayLevel: Creating play world package: /Game/maps/UEDPIE_0_NewMap
[2017.10.08-10.03.04:077][707]LogPlayLevel: PIE: StaticDuplicateObject took: (0.003155s)
[2017.10.08-10.03.04:078][707]LogAIModule: Creating AISystem for world NewMap
[2017.10.08-10.03.04:078][707]LogPlayLevel: PIE: World Init took: (0.000706s)
[2017.10.08-10.03.04:078][707]LogPlayLevel: PIE: Created PIE world by copying editor world from /Game/maps/NewMap.NewMap to /Game/maps/UEDPIE_0_NewMap.NewMap (0.004035s)
[2017.10.08-10.03.04:128][707]LogInit: XAudio2 using 'Speakers (Realtek High Definition Audio)' : 2 channels at 48 kHz using 32 bits per sample (channel mask 0x3)
[2017.10.08-10.03.04:269][707]LogInit: FAudioDevice initialized.
[2017.10.08-10.03.04:300][707]LogLoad: Game class is '2DSideScrollerGameMode_C'
[2017.10.08-10.03.04:303][707]LogWorld: Bringing World /Game/maps/UEDPIE_0_NewMap.NewMap up for play (max tick rate 60) at 2017.10.08-19.03.04
[2017.10.08-10.03.04:304][707]LogWorld: Bringing up level for play took: 0.001682
[2017.10.08-10.03.04:305][707]PIE: Info Play in editor start time for /Game/maps/UEDPIE_0_NewMap 1.121
[2017.10.08-10.05.25:925][248]BlueprintLog: New page: Compile mungchungi
[2017.10.08-10.05.29:094][339]LogTemp: Repeting last play command: Selected Viewport
[2017.10.08-10.05.29:110][339]LogPlayLevel: PlayLevel: No blueprints needed recompiling
[2017.10.08-10.05.29:110][339]PIE: New page: PIE session: NewMap (Oct 9, 2017, 4:05:29 AM)
[2017.10.08-10.05.29:110][339]LogPlayLevel: Creating play world package: /Game/maps/UEDPIE_0_NewMap
[2017.10.08-10.05.29:113][339]LogPlayLevel: PIE: StaticDuplicateObject took: (0.002728s)
[2017.10.08-10.05.29:113][339]LogAIModule: Creating AISystem for world NewMap
[2017.10.08-10.05.29:114][339]LogPlayLevel: PIE: World Init took: (0.000687s)
[2017.10.08-10.05.29:114][339]LogPlayLevel: PIE: Created PIE world by copying editor world from /Game/maps/NewMap.NewMap to /Game/maps/UEDPIE_0_NewMap.NewMap (0.003624s)
[2017.10.08-10.05.29:165][339]LogInit: XAudio2 using 'Speakers (Realtek High Definition Audio)' : 2 channels at 48 kHz using 32 bits per sample (channel mask 0x3)
[2017.10.08-10.05.29:310][339]LogInit: FAudioDevice initialized.
[2017.10.08-10.05.29:344][339]LogLoad: Game class is '2DSideScrollerGameMode_C'
[2017.10.08-10.05.29:347][339]LogWorld: Bringing World /Game/maps/UEDPIE_0_NewMap.NewMap up for play (max tick rate 60) at 2017.10.08-19.05.29
[2017.10.08-10.05.29:347][339]LogWorld: Bringing up level for play took: 0.001486
[2017.10.08-10.05.29:349][339]PIE: Info Play in editor start time for /Game/maps/UEDPIE_0_NewMap 0.165
[2017.10.08-10.05.43:624][903]LogTemp: Repeting last play command: Selected Viewport
[2017.10.08-10.05.43:639][903]LogPlayLevel: PlayLevel: No blueprints needed recompiling
[2017.10.08-10.05.43:639][903]PIE: New page: PIE session: NewMap (Oct 9, 2017, 4:05:43 AM)
[2017.10.08-10.05.43:639][903]LogPlayLevel: Creating play world package: /Game/maps/UEDPIE_0_NewMap
[2017.10.08-10.05.43:642][903]LogPlayLevel: PIE: StaticDuplicateObject took: (0.002907s)
[2017.10.08-10.05.43:643][903]LogAIModule: Creating AISystem for world NewMap
[2017.10.08-10.05.43:643][903]LogPlayLevel: PIE: World Init took: (0.000589s)
[2017.10.08-10.05.43:643][903]LogPlayLevel: PIE: Created PIE world by copying editor world from /Game/maps/NewMap.NewMap to /Game/maps/UEDPIE_0_NewMap.NewMap (0.003661s)
[2017.10.08-10.05.43:678][903]LogInit: XAudio2 using 'Speakers (Realtek High Definition Audio)' : 2 channels at 48 kHz using 32 bits per sample (channel mask 0x3)
[2017.10.08-10.05.43:818][903]LogInit: FAudioDevice initialized.
[2017.10.08-10.05.43:850][903]LogLoad: Game class is '2DSideScrollerGameMode_C'
[2017.10.08-10.05.43:853][903]LogWorld: Bringing World /Game/maps/UEDPIE_0_NewMap.NewMap up for play (max tick rate 60) at 2017.10.08-19.05.43
[2017.10.08-10.05.43:853][903]LogWorld: Bringing up level for play took: 0.001670
[2017.10.08-10.05.43:854][903]PIE: Info Play in editor start time for /Game/maps/UEDPIE_0_NewMap 0.67
[2017.10.08-10.06.14:059][856]LogEditorViewport: Clicking on Actor (LMB): mungchungi_C (mungchungi)
[2017.10.08-10.06.20:185][ 99]LogEditorViewport: Clicking on Actor (LMB): mungchungi_C (mungchungi)
[2017.10.08-10.06.34:333][547]LogTemp: Repeting last play command: Selected Viewport
[2017.10.08-10.06.34:349][547]LogPlayLevel: PlayLevel: No blueprints needed recompiling
[2017.10.08-10.06.34:349][547]PIE: New page: PIE session: NewMap (Oct 9, 2017, 4:06:34 AM)
[2017.10.08-10.06.34:349][547]LogPlayLevel: Creating play world package: /Game/maps/UEDPIE_0_NewMap
[2017.10.08-10.06.34:351][547]LogPlayLevel: PIE: StaticDuplicateObject took: (0.002556s)
[2017.10.08-10.06.34:352][547]LogAIModule: Creating AISystem for world NewMap
[2017.10.08-10.06.34:352][547]LogPlayLevel: PIE: World Init took: (0.000663s)
[2017.10.08-10.06.34:352][547]LogPlayLevel: PIE: Created PIE world by copying editor world from /Game/maps/NewMap.NewMap to /Game/maps/UEDPIE_0_NewMap.NewMap (0.003393s)
[2017.10.08-10.06.34:399][547]LogInit: XAudio2 using 'Speakers (Realtek High Definition Audio)' : 2 channels at 48 kHz using 32 bits per sample (channel mask 0x3)
[2017.10.08-10.06.34:539][547]LogInit: FAudioDevice initialized.
[2017.10.08-10.06.34:573][547]LogLoad: Game class is '2DSideScrollerGameMode_C'
[2017.10.08-10.06.34:576][547]LogWorld: Bringing World /Game/maps/UEDPIE_0_NewMap.NewMap up for play (max tick rate 60) at 2017.10.08-19.06.34
[2017.10.08-10.06.34:576][547]LogWorld: Bringing up level for play took: 0.001395
[2017.10.08-10.06.34:578][547]PIE: Info Play in editor start time for /Game/maps/UEDPIE_0_NewMap -0.606
[2017.10.08-10.06.43:426][904]LogEditorViewport: Clicking on Actor (LMB): mungchungi_C (mungchungi)
[2017.10.08-10.06.45:918][  2]LogTemp: Repeting last play command: Selected Viewport
[2017.10.08-10.06.45:931][  2]LogPlayLevel: PlayLevel: No blueprints needed recompiling
[2017.10.08-10.06.45:932][  2]PIE: New page: PIE session: NewMap (Oct 9, 2017, 4:06:45 AM)
[2017.10.08-10.06.45:932][  2]LogPlayLevel: Creating play world package: /Game/maps/UEDPIE_0_NewMap
[2017.10.08-10.06.45:934][  2]LogPlayLevel: PIE: StaticDuplicateObject took: (0.002452s)
[2017.10.08-10.06.45:935][  2]LogAIModule: Creating AISystem for world NewMap
[2017.10.08-10.06.45:935][  2]LogPlayLevel: PIE: World Init took: (0.000635s)
[2017.10.08-10.06.45:935][  2]LogPlayLevel: PIE: Created PIE world by copying editor world from /Game/maps/NewMap.NewMap to /Game/maps/UEDPIE_0_NewMap.NewMap (0.003323s)
[2017.10.08-10.06.45:984][  2]LogInit: XAudio2 using 'Speakers (Realtek High Definition Audio)' : 2 channels at 48 kHz using 32 bits per sample (channel mask 0x3)
[2017.10.08-10.06.46:119][  2]LogInit: FAudioDevice initialized.
[2017.10.08-10.06.46:155][  2]LogLoad: Game class is '2DSideScrollerGameMode_C'
[2017.10.08-10.06.46:159][  2]LogWorld: Bringing World /Game/maps/UEDPIE_0_NewMap.NewMap up for play (max tick rate 60) at 2017.10.08-19.06.46
[2017.10.08-10.06.46:159][  2]LogWorld: Bringing up level for play took: 0.001424
[2017.10.08-10.06.46:160][  2]PIE: Info Play in editor start time for /Game/maps/UEDPIE_0_NewMap 0.976
[2017.10.08-10.07.11:485][784]LogTemp: Repeting last play command: Selected Viewport
[2017.10.08-10.07.11:500][784]LogPlayLevel: PlayLevel: No blueprints needed recompiling
[2017.10.08-10.07.11:500][784]PIE: New page: PIE session: NewMap (Oct 9, 2017, 4:07:11 AM)
[2017.10.08-10.07.11:500][784]LogPlayLevel: Creating play world package: /Game/maps/UEDPIE_0_NewMap
[2017.10.08-10.07.11:504][784]LogPlayLevel: PIE: StaticDuplicateObject took: (0.004251s)
[2017.10.08-10.07.11:505][784]LogAIModule: Creating AISystem for world NewMap
[2017.10.08-10.07.11:505][784]LogPlayLevel: PIE: World Init took: (0.000740s)
[2017.10.08-10.07.11:505][784]LogPlayLevel: PIE: Created PIE world by copying editor world from /Game/maps/NewMap.NewMap to /Game/maps/UEDPIE_0_NewMap.NewMap (0.005146s)
[2017.10.08-10.07.11:538][784]LogInit: XAudio2 using 'Speakers (Realtek High Definition Audio)' : 2 channels at 48 kHz using 32 bits per sample (channel mask 0x3)
[2017.10.08-10.07.11:682][784]LogInit: FAudioDevice initialized.
[2017.10.08-10.07.11:718][784]LogLoad: Game class is '2DSideScrollerGameMode_C'
[2017.10.08-10.07.11:721][784]LogWorld: Bringing World /Game/maps/UEDPIE_0_NewMap.NewMap up for play (max tick rate 60) at 2017.10.08-19.07.11
[2017.10.08-10.07.11:721][784]LogWorld: Bringing up level for play took: 0.001541
[2017.10.08-10.07.11:723][784]PIE: Info Play in editor start time for /Game/maps/UEDPIE_0_NewMap 0.539
[2017.10.08-10.07.41:212][530]BlueprintLog: New page: Compile mungchungi
[2017.10.08-10.07.42:300][550]LogTemp: Repeting last play command: Selected Viewport
[2017.10.08-10.07.42:314][550]LogPlayLevel: PlayLevel: No blueprints needed recompiling
[2017.10.08-10.07.42:314][550]PIE: New page: PIE session: NewMap (Oct 9, 2017, 4:07:42 AM)
[2017.10.08-10.07.42:314][550]LogPlayLevel: Creating play world package: /Game/maps/UEDPIE_0_NewMap
[2017.10.08-10.07.42:317][550]LogPlayLevel: PIE: StaticDuplicateObject took: (0.003084s)
[2017.10.08-10.07.42:318][550]LogAIModule: Creating AISystem for world NewMap
[2017.10.08-10.07.42:318][550]LogPlayLevel: PIE: World Init took: (0.000712s)
[2017.10.08-10.07.42:318][550]LogPlayLevel: PIE: Created PIE world by copying editor world from /Game/maps/NewMap.NewMap to /Game/maps/UEDPIE_0_NewMap.NewMap (0.004024s)
[2017.10.08-10.07.42:371][550]LogInit: XAudio2 using 'Speakers (Realtek High Definition Audio)' : 2 channels at 48 kHz using 32 bits per sample (channel mask 0x3)
[2017.10.08-10.07.42:513][550]LogInit: FAudioDevice initialized.
[2017.10.08-10.07.42:551][550]LogLoad: Game class is '2DSideScrollerGameMode_C'
[2017.10.08-10.07.42:553][550]LogWorld: Bringing World /Game/maps/UEDPIE_0_NewMap.NewMap up for play (max tick rate 60) at 2017.10.08-19.07.42
[2017.10.08-10.07.42:553][550]LogWorld: Bringing up level for play took: 0.001364
[2017.10.08-10.07.42:555][550]PIE: Info Play in editor start time for /Game/maps/UEDPIE_0_NewMap -0.63
[2017.10.08-10.10.41:503][271]Cmd: OBJ SAVEPACKAGE PACKAGE="/Game/maps/NewMap" FILE="C:/Users/marku/OneDrive/Documents/Unreal Projects/JunsuTwoD/Saved/Autosaves/Game/maps/NewMap_Auto2.umap" SILENT=true AUTOSAVING=true KEEPDIRTY=false
[2017.10.08-10.10.41:625][271]LogSavePackage: Save=82.82ms
[2017.10.08-10.10.41:625][271]LogSavePackage: Moving 'C:/Users/marku/OneDrive/Documents/Unreal Projects/JunsuTwoD/Saved/NewMap_Auto292C9B29B4320EF30E44751A722D135E3.tmp' to 'C:/Users/marku/OneDrive/Documents/Unreal Projects/JunsuTwoD/Saved/Autosaves/Game/maps/NewMap_Auto2.umap'
[2017.10.08-10.10.41:631][271]LogSavePackage:Display: Finished SavePackage C:/Users/marku/OneDrive/Documents/Unreal Projects/JunsuTwoD/Saved/Autosaves/Game/maps/NewMap_Auto2.umap
[2017.10.08-10.10.41:635][271]LogFileHelpers: Editor autosave (incl. sublevels) for '/Game/maps/NewMap' took 0.158
[2017.10.08-10.10.41:635][271]LogFileHelpers: Editor autosave (incl. sublevels) for all levels took 0.158
[2017.10.08-10.10.41:640][271]OBJ SavePackage: Generating thumbnails for [0] asset(s) in package [/Game/JunsuProject/blueprints/mungchungi] ([1] browsable assets)...
[2017.10.08-10.10.41:640][271]OBJ SavePackage: Finished generating thumbnails for package [/Game/JunsuProject/blueprints/mungchungi]
[2017.10.08-10.10.41:790][271]LogSavePackage: Save=119.19ms
[2017.10.08-10.10.41:790][271]LogSavePackage: Moving 'C:/Users/marku/OneDrive/Documents/Unreal Projects/JunsuTwoD/Saved/mungchungi_Auto2439E9646483411341F10EA8F89B6D618.tmp' to 'C:/Users/marku/OneDrive/Documents/Unreal Projects/JunsuTwoD/Saved/Autosaves/Game/JunsuProject/blueprints/mungchungi_Auto2.uasset'
[2017.10.08-10.10.41:796][271]LogSavePackage:Display: Finished SavePackage C:/Users/marku/OneDrive/Documents/Unreal Projects/JunsuTwoD/Saved/Autosaves/Game/JunsuProject/blueprints/mungchungi_Auto2.uasset
[2017.10.08-10.10.41:796][271]LogFileHelpers: Auto-saving content packages took 0.159
[2017.10.08-10.11.37:935][533]BlueprintLog: New page: Compile mungchungi
[2017.10.08-10.12.16:193][560]BlueprintLog: New page: Compile mungchungi
[2017.10.08-10.12.17:616][582]LogRenderer: Reallocating scene render targets to support 1316x744 NumSamples 1 (Frame:1).
[2017.10.08-10.14.20:546][505]BlueprintLog: New page: Compile mungchungi
[2017.10.08-10.14.21:415][518]Cmd: OBJ SAVEPACKAGE PACKAGE="/Game/JunsuProject/blueprints/mungchungi" FILE="C:/Users/marku/OneDrive/Documents/Unreal Projects/JunsuTwoD/Content/JunsuProject/blueprints/mungchungi.uasset" SILENT=true
[2017.10.08-10.14.21:565][518]LogSavePackage: Save=120.42ms
[2017.10.08-10.14.21:565][518]LogSavePackage: Moving 'C:/Users/marku/OneDrive/Documents/Unreal Projects/JunsuTwoD/Saved/mungchungi7B3B1DD04BCE95BEB488848D57B303A6.tmp' to 'C:/Users/marku/OneDrive/Documents/Unreal Projects/JunsuTwoD/Content/JunsuProject/blueprints/mungchungi.uasset'
[2017.10.08-10.14.21:575][518]LogSavePackage:Display: Finished SavePackage C:/Users/marku/OneDrive/Documents/Unreal Projects/JunsuTwoD/Content/JunsuProject/blueprints/mungchungi.uasset
[2017.10.08-10.16.07:017][734]LogEditorTransaction: Undo Move Node
[2017.10.08-10.16.07:732][749]LogEditorTransaction: Undo Move Node
[2017.10.08-10.16.07:871][751]LogEditorTransaction: Undo Create Pin Link
[2017.10.08-10.16.08:083][755]LogEditorTransaction: Undo Delete current selection
[2017.10.08-10.16.08:215][756]LogEditorTransaction: Undo Move Node
[2017.10.08-10.16.08:425][760]LogEditorTransaction: Undo Create Pin Link
[2017.10.08-10.16.08:835][768]LogEditorTransaction: Undo Create Pin Link
[2017.10.08-10.16.09:045][772]LogEditorTransaction: Undo Move Node
[2017.10.08-10.16.09:258][776]LogEditorTransaction: Undo Create Pin Link
[2017.10.08-10.16.09:434][779]LogEditorTransaction: Undo Add Node
[2017.10.08-10.16.09:642][783]LogEditorTransaction: Undo Delete current selection
[2017.10.08-10.16.09:858][787]LogEditorTransaction: Undo Add Node
[2017.10.08-10.16.10:068][791]LogEditorTransaction: Undo Move Node
[2017.10.08-10.16.10:291][795]LogEditorTransaction: Undo Add Node
[2017.10.08-10.16.10:462][797]LogEditorTransaction: Undo Move Node
[2017.10.08-10.16.10:672][801]LogEditorTransaction: Undo Move Node
[2017.10.08-10.16.10:850][804]LogEditorTransaction: Undo Move Node
[2017.10.08-10.16.11:059][808]LogEditorTransaction: Undo Create Pin Link
[2017.10.08-10.16.11:286][812]LogEditorTransaction: Undo Create Pin Link
[2017.10.08-10.16.11:434][814]LogEditorTransaction: Undo Add Node
[2017.10.08-10.16.11:648][818]LogEditorTransaction: Undo Move Node
[2017.10.08-10.16.11:899][822]LogEditorTransaction: Undo Add Node
[2017.10.08-10.16.12:084][825]LogEditorTransaction: Undo Move Node
[2017.10.08-10.16.12:296][829]LogEditorTransaction: Undo Add Node
[2017.10.08-10.16.12:504][833]LogEditorTransaction: Undo Move Node
[2017.10.08-10.16.13:212][847]LogEditorTransaction: Undo Move Node
[2017.10.08-10.16.13:682][856]LogEditorTransaction: Undo Create Pin Link
[2017.10.08-10.16.13:897][860]LogEditorTransaction: Undo Create Pin Link
[2017.10.08-10.16.14:142][865]LogEditorTransaction: Undo Create Pin Link
[2017.10.08-10.16.14:386][870]LogEditorTransaction: Undo Create Pin Link
[2017.10.08-10.16.14:660][875]LogEditorTransaction: Undo Move Node
[2017.10.08-10.16.14:878][879]LogEditorTransaction: Undo Move Node
[2017.10.08-10.16.15:084][883]LogEditorTransaction: Undo Add Node
[2017.10.08-10.16.15:365][888]LogEditorTransaction: Undo Move Node
[2017.10.08-10.16.15:594][892]LogEditorTransaction: Undo Add Node
[2017.10.08-10.16.15:826][896]LogEditorTransaction: Undo Move Node
[2017.10.08-10.16.16:080][901]LogEditorTransaction: Undo Move Node
[2017.10.08-10.16.16:377][906]LogEditorTransaction: Undo Add Node
[2017.10.08-10.16.16:598][909]LogEditorTransaction: Undo Move Node
[2017.10.08-10.16.16:930][915]LogEditorTransaction: Undo Rename Variable
[2017.10.08-10.16.17:237][920]LogEditorTransaction: Undo Promote To Variable
[2017.10.08-10.16.17:545][926]LogEditorTransaction: Undo Rename Parameter
[2017.10.08-10.16.17:833][931]LogEditorTransaction: Undo Add In Parameter
[2017.10.08-10.16.18:169][937]LogEditorTransaction: Undo Move Node
[2017.10.08-10.16.18:443][942]LogEditorTransaction: Undo Move Node
[2017.10.08-10.16.18:706][947]LogEditorTransaction: Undo Change Bool Pin Value
[2017.10.08-10.16.18:929][951]LogEditorTransaction: Undo Move Node
[2017.10.08-10.16.19:205][956]LogEditorTransaction: Undo Move Node
[2017.10.08-10.16.19:521][962]LogEditorTransaction: Undo Create Pin Link
[2017.10.08-10.16.19:794][967]LogEditorTransaction: Undo Move Node
[2017.10.08-10.16.20:060][972]LogEditorTransaction: Undo Move Node
[2017.10.08-10.16.20:367][978]LogEditorTransaction: Undo Break Pin Link
[2017.10.08-10.16.20:664][983]LogEditorTransaction: Undo Move Node
[2017.10.08-10.16.22:094][ 11]LogEditorTransaction: Undo Rename Parameter
[2017.10.08-10.16.22:595][ 21]LogEditorTransaction: Undo Change Parameter Type
[2017.10.08-10.16.23:066][ 30]LogEditorTransaction: Undo Add Out Parameter
[2017.10.08-10.16.23:521][ 39]LogEditorTransaction: Undo Move Node
[2017.10.08-10.16.23:809][ 44]LogEditorTransaction: Undo Add Node
[2017.10.08-10.16.24:064][ 48]LogEditorTransaction: Undo Delete current selection
[2017.10.08-10.16.30:972][207]BlueprintLog: New page: Compile mungchungi
[2017.10.08-10.16.32:121][218]Cmd: OBJ SAVEPACKAGE PACKAGE="/Game/JunsuProject/blueprints/mungchungi" FILE="C:/Users/marku/OneDrive/Documents/Unreal Projects/JunsuTwoD/Content/JunsuProject/blueprints/mungchungi.uasset" SILENT=true
[2017.10.08-10.16.32:265][218]LogSavePackage: Save=114.98ms
[2017.10.08-10.16.32:265][218]LogSavePackage: Moving 'C:/Users/marku/OneDrive/Documents/Unreal Projects/JunsuTwoD/Saved/mungchungi4877B60541FDAE021C2B408C238D0764.tmp' to 'C:/Users/marku/OneDrive/Documents/Unreal Projects/JunsuTwoD/Content/JunsuProject/blueprints/mungchungi.uasset'
[2017.10.08-10.16.32:274][218]LogSavePackage:Display: Finished SavePackage C:/Users/marku/OneDrive/Documents/Unreal Projects/JunsuTwoD/Content/JunsuProject/blueprints/mungchungi.uasset
[2017.10.08-10.20.42:685][ 75]Cmd: OBJ SAVEPACKAGE PACKAGE="/Game/maps/NewMap" FILE="C:/Users/marku/OneDrive/Documents/Unreal Projects/JunsuTwoD/Saved/Autosaves/Game/maps/NewMap_Auto3.umap" SILENT=true AUTOSAVING=true KEEPDIRTY=false
[2017.10.08-10.20.42:802][ 75]LogSavePackage: Save=78.52ms
[2017.10.08-10.20.42:802][ 75]LogSavePackage: Moving 'C:/Users/marku/OneDrive/Documents/Unreal Projects/JunsuTwoD/Saved/NewMap_Auto329521F584E1C663B55334C9EED2EBF41.tmp' to 'C:/Users/marku/OneDrive/Documents/Unreal Projects/JunsuTwoD/Saved/Autosaves/Game/maps/NewMap_Auto3.umap'
[2017.10.08-10.20.42:807][ 75]LogSavePackage:Display: Finished SavePackage C:/Users/marku/OneDrive/Documents/Unreal Projects/JunsuTwoD/Saved/Autosaves/Game/maps/NewMap_Auto3.umap
[2017.10.08-10.20.42:810][ 75]LogFileHelpers: Editor autosave (incl. sublevels) for '/Game/maps/NewMap' took 0.167
[2017.10.08-10.20.42:810][ 75]LogFileHelpers: Editor autosave (incl. sublevels) for all levels took 0.167
[2017.10.08-10.34.26:975][503]Cmd: OBJ SAVEPACKAGE PACKAGE="/Game/maps/NewMap" FILE="C:/Users/marku/OneDrive/Documents/Unreal Projects/JunsuTwoD/Content/maps/NewMap.umap" SILENT=true AUTOSAVING=false KEEPDIRTY=false
[2017.10.08-10.34.27:096][503]LogSavePackage: Save=71.26ms
[2017.10.08-10.34.27:096][503]LogSavePackage: Moving 'C:/Users/marku/OneDrive/Documents/Unreal Projects/JunsuTwoD/Saved/NewMapD616EA6C4FC6A3BACF87F38B4C84CA88.tmp' to 'C:/Users/marku/OneDrive/Documents/Unreal Projects/JunsuTwoD/Content/maps/NewMap.umap'
[2017.10.08-10.34.27:105][503]LogSavePackage:Display: Finished SavePackage C:/Users/marku/OneDrive/Documents/Unreal Projects/JunsuTwoD/Content/maps/NewMap.umap
[2017.10.08-10.34.29:886][503]LogFileHelpers: Saving map 'NewMap' took 3.063
[2017.10.08-10.34.30:123][503]LogWindowsTextInputMethodSystem:Display: IME system now deactivated.
[2017.10.08-10.34.30:405][504]Cmd: QUIT_EDITOR
[2017.10.08-10.34.30:839][504]LogExit: Preparing to exit.
[2017.10.08-10.34.31:927][504]LogExit: Editor shut down
[2017.10.08-10.34.31:973][504]LogExit: Transaction tracking system shut down
[2017.10.08-10.34.32:165][504]LogObj: Freed 0b from 0 cluster array pools.
[2017.10.08-10.34.32:166][504]LogExit: Object subsystem successfully closed.
[2017.10.08-10.34.32:197][504]LogD3D11RHI: Shutdown
[2017.10.08-10.34.32:197][504]LogD3D11RHI: CleanupD3DDevice
[2017.10.08-10.34.32:314][504]LogD3D11RHI: ~FD3D11DynamicRHI
[2017.10.08-10.34.32:348][504]LogModuleManager: Shutting down and abandoning module MovieSceneCapture (530)
[2017.10.08-10.34.32:348][504]LogModuleManager: Shutting down and abandoning module BlueprintGraph (528)
[2017.10.08-10.34.32:348][504]LogModuleManager: Shutting down and abandoning module BlueprintProfiler (526)
[2017.10.08-10.34.32:348][504]LogModuleManager: Shutting down and abandoning module HierarchicalLODOutliner (524)
[2017.10.08-10.34.32:348][504]LogModuleManager: Shutting down and abandoning module CrashTracker (522)
[2017.10.08-10.34.32:348][504]LogModuleManager: Shutting down and abandoning module SceneOutliner (520)
[2017.10.08-10.34.32:348][504]LogModuleManager: Shutting down and abandoning module AddContentDialog (518)
[2017.10.08-10.34.32:357][504]LogDirectoryWatcher: A directory notification for 'D:/Programs/Epic Games/UE_4.16/FeaturePacks/' was aborted.
[2017.10.08-10.34.32:363][504]LogModuleManager: Shutting down and abandoning module WidgetCarousel (517)
[2017.10.08-10.34.32:363][504]LogModuleManager: Shutting down and abandoning module EditorWidgets (514)
[2017.10.08-10.34.32:363][504]LogModuleManager: Shutting down and abandoning module CollectionManager (512)
[2017.10.08-10.34.32:363][504]LogDirectoryWatcher: A directory notification for 'C:/Users/marku/OneDrive/Documents/Unreal Projects/JunsuTwoD/Content/Collections/' was aborted.
[2017.10.08-10.34.32:363][504]LogDirectoryWatcher: A directory notification for 'C:/Users/marku/OneDrive/Documents/Unreal Projects/JunsuTwoD/Content/Developers/marku/Collections/' was aborted.
[2017.10.08-10.34.32:363][504]LogDirectoryWatcher: A directory notification for 'C:/Users/marku/OneDrive/Documents/Unreal Projects/JunsuTwoD/Saved/Collections/' was aborted.
[2017.10.08-10.34.32:363][504]LogModuleManager: Shutting down and abandoning module StatsViewer (510)
[2017.10.08-10.34.32:363][504]LogModuleManager: Shutting down and abandoning module FoliageEdit (508)
[2017.10.08-10.34.32:363][504]LogModuleManager: Shutting down and abandoning module LandscapeEditor (506)
[2017.10.08-10.34.32:364][504]LogModuleManager: Shutting down and abandoning module MeshPaintMode (504)
[2017.10.08-10.34.32:364][504]LogModuleManager: Shutting down and abandoning module SceneDepthPickerMode (502)
[2017.10.08-10.34.32:364][504]LogModuleManager: Shutting down and abandoning module ActorPickerMode (500)
[2017.10.08-10.34.32:364][504]LogModuleManager: Shutting down and abandoning module GeometryMode (498)
[2017.10.08-10.34.32:364][504]LogModuleManager: Shutting down and abandoning module TextureAlignMode (496)
[2017.10.08-10.34.32:364][504]LogModuleManager: Shutting down and abandoning module BspMode (494)
[2017.10.08-10.34.32:364][504]LogModuleManager: Shutting down and abandoning module HardwareSurvey (492)
[2017.10.08-10.34.32:364][504]LogModuleManager: Shutting down and abandoning module SequenceRecorderSections (490)
[2017.10.08-10.34.32:364][504]LogModuleManager: Shutting down and abandoning module AutomationWorker (488)
[2017.10.08-10.34.32:364][504]LogModuleManager: Shutting down and abandoning module MatineeToLevelSequence (486)
[2017.10.08-10.34.32:364][504]LogModuleManager: Shutting down and abandoning module LevelSequenceEditor (484)
[2017.10.08-10.34.32:364][504]LogModuleManager: Shutting down and abandoning module PlacementMode (483)
[2017.10.08-10.34.32:364][504]LogModuleManager: Shutting down and abandoning module WmfMediaFactory (480)
[2017.10.08-10.34.32:364][504]LogModuleManager: Shutting down and abandoning module WmfMediaEditor (478)
[2017.10.08-10.34.32:364][504]LogModuleManager: Shutting down and abandoning module AvfMediaFactory (476)
[2017.10.08-10.34.32:364][504]LogModuleManager: Shutting down and abandoning module AvfMediaEditor (474)
[2017.10.08-10.34.32:364][504]LogModuleManager: Shutting down and abandoning module AndroidMediaFactory (472)
[2017.10.08-10.34.32:364][504]LogModuleManager: Shutting down and abandoning module Media (471)
[2017.10.08-10.34.32:364][504]LogModuleManager: Shutting down and abandoning module AndroidMediaEditor (468)
[2017.10.08-10.34.32:364][504]LogModuleManager: Shutting down and abandoning module CharacterAI (466)
[2017.10.08-10.34.32:364][504]LogModuleManager: Shutting down and abandoning module AudioCapture (464)
[2017.10.08-10.34.32:364][504]LogModuleManager: Shutting down and abandoning module SequenceRecorder (463)
[2017.10.08-10.34.32:364][504]LogModuleManager: Shutting down and abandoning module SmartSnapping (460)
[2017.10.08-10.34.32:364][504]LogModuleManager: Shutting down and abandoning module SessionServices (458)
[2017.10.08-10.34.32:364][504]LogModuleManager: Shutting down and abandoning module ViewportSnapping (456)
[2017.10.08-10.34.32:364][504]LogModuleManager: Shutting down and abandoning module ViewportInteraction (454)
[2017.10.08-10.34.32:364][504]LogModuleManager: Shutting down and abandoning module ClothPainter (452)
[2017.10.08-10.34.32:364][504]LogModuleManager: Shutting down and abandoning module LogVisualizer (450)
[2017.10.08-10.34.32:364][504]LogModuleManager: Shutting down and abandoning module IntroTutorials (448)
[2017.10.08-10.34.32:364][504]LogModuleManager: Shutting down and abandoning module GameProjectGeneration (447)
[2017.10.08-10.34.32:364][504]LogModuleManager: Shutting down and abandoning module EditorLiveStreaming (444)
[2017.10.08-10.34.32:364][504]LogModuleManager: Shutting down and abandoning module IOSPlatformEditor (442)
[2017.10.08-10.34.32:364][504]LogModuleManager: Shutting down and abandoning module HTML5PlatformEditor (440)
[2017.10.08-10.34.32:365][504]LogModuleManager: Shutting down and abandoning module AndroidPlatformEditor (438)
[2017.10.08-10.34.32:365][504]LogModuleManager: Shutting down and abandoning module AndroidDeviceDetection (437)
[2017.10.08-10.34.32:427][504]LogModuleManager: Shutting down and abandoning module IOSRuntimeSettings (434)
[2017.10.08-10.34.32:427][504]LogModuleManager: Shutting down and abandoning module AndroidRuntimeSettings (432)
[2017.10.08-10.34.32:427][504]LogModuleManager: Shutting down and abandoning module InputBindingEditor (430)
[2017.10.08-10.34.32:427][504]LogModuleManager: Shutting down and abandoning module MergeActors (428)
[2017.10.08-10.34.32:427][504]LogModuleManager: Shutting down and abandoning module SizeMap (426)
[2017.10.08-10.34.32:427][504]LogModuleManager: Shutting down and abandoning module TreeMap (424)
[2017.10.08-10.34.32:427][504]LogModuleManager: Shutting down and abandoning module ReferenceViewer (422)
[2017.10.08-10.34.32:427][504]LogModuleManager: Shutting down and abandoning module LocalizationDashboard (420)
[2017.10.08-10.34.32:427][504]LogModuleManager: Shutting down and abandoning module LocalizationService (419)
[2017.10.08-10.34.32:427][504]LogModuleManager: Shutting down and abandoning module HardwareTargeting (416)
[2017.10.08-10.34.32:427][504]LogModuleManager: Shutting down and abandoning module DeviceProfileEditor (414)
[2017.10.08-10.34.32:427][504]LogModuleManager: Shutting down and abandoning module UndoHistory (412)
[2017.10.08-10.34.32:428][504]LogModuleManager: Shutting down and abandoning module UserFeedback (410)
[2017.10.08-10.34.32:428][504]LogModuleManager: Shutting down and abandoning module XmlParser (408)
[2017.10.08-10.34.32:428][504]LogModuleManager: Shutting down and abandoning module Blutility (406)
[2017.10.08-10.34.32:428][504]LogModuleManager: Shutting down and abandoning module ProjectSettingsViewer (404)
[2017.10.08-10.34.32:428][504]LogModuleManager: Shutting down and abandoning module ProjectTargetPlatformEditor (403)
[2017.10.08-10.34.32:428][504]LogModuleManager: Shutting down and abandoning module EditorSettingsViewer (400)
[2017.10.08-10.34.32:428][504]LogModuleManager: Shutting down and abandoning module SettingsEditor (398)
[2017.10.08-10.34.32:428][504]LogModuleManager: Shutting down and abandoning module ProjectLauncher (396)
[2017.10.08-10.34.32:428][504]LogModuleManager: Shutting down and abandoning module SessionFrontend (394)
[2017.10.08-10.34.32:428][504]LogModuleManager: Shutting down and abandoning module ProfilerClient (392)
[2017.10.08-10.34.32:428][504]LogModuleManager: Shutting down and abandoning module DeviceManager (390)
[2017.10.08-10.34.32:429][504]LogModuleManager: Shutting down and abandoning module TargetDeviceServices (389)
[2017.10.08-10.34.32:481][504]LogModuleManager: Shutting down and abandoning module AutomationController (386)
[2017.10.08-10.34.32:481][504]LogModuleManager: Shutting down and abandoning module AutomationWindow (384)
[2017.10.08-10.34.32:481][504]LogModuleManager: Shutting down and abandoning module Layers (382)
[2017.10.08-10.34.32:481][504]LogModuleManager: Shutting down and abandoning module ComponentVisualizers (380)
[2017.10.08-10.34.32:481][504]LogModuleManager: Shutting down and abandoning module DetailCustomizations (378)
[2017.10.08-10.34.32:481][504]LogModuleManager: Shutting down and abandoning module PackagesDialog (376)
[2017.10.08-10.34.32:482][504]LogModuleManager: Shutting down and abandoning module Persona (374)
[2017.10.08-10.34.32:482][504]LogModuleManager: Shutting down and abandoning module AdvancedPreviewScene (373)
[2017.10.08-10.34.32:482][504]LogModuleManager: Shutting down and abandoning module AnimGraph (371)
[2017.10.08-10.34.32:482][504]LogModuleManager: Shutting down and abandoning module Kismet (368)
[2017.10.08-10.34.32:495][504]LogModuleManager: Shutting down and abandoning module ClassViewer (366)
[2017.10.08-10.34.32:495][504]LogModuleManager: Shutting down and abandoning module Toolbox (364)
[2017.10.08-10.34.32:495][504]LogModuleManager: Shutting down and abandoning module ModuleUI (362)
[2017.10.08-10.34.32:495][504]LogModuleManager: Shutting down and abandoning module MovieSceneTools (360)
[2017.10.08-10.34.32:495][504]LogModuleManager: Shutting down and abandoning module OutputLog (358)
[2017.10.08-10.34.32:495][504]LogModuleManager: Shutting down and abandoning module GammaUI (356)
[2017.10.08-10.34.32:495][504]LogModuleManager: Shutting down and abandoning module Documentation (354)
[2017.10.08-10.34.32:495][504]LogModuleManager: Shutting down and abandoning module MovieSceneTracks (352)
[2017.10.08-10.34.32:495][504]LogModuleManager: Shutting down and abandoning module MovieScene (350)
[2017.10.08-10.34.32:495][504]LogModuleManager: Shutting down and abandoning module Niagara (348)
[2017.10.08-10.34.32:495][504]LogModuleManager: Shutting down and abandoning module NiagaraEditor (347)
[2017.10.08-10.34.32:495][504]LogModuleManager: Shutting down and abandoning module StreamingPauseRendering (344)
[2017.10.08-10.34.32:495][504]LogModuleManager: Shutting down and abandoning module AnalyticsET (342)
[2017.10.08-10.34.32:495][504]LogModuleManager: Shutting down and abandoning module PortalServices (340)
[2017.10.08-10.34.32:495][504]LogModuleManager: Shutting down and abandoning module PortalRpc (338)
[2017.10.08-10.34.32:495][504]LogModuleManager: Shutting down and abandoning module MessagingRpc (336)
[2017.10.08-10.34.32:495][504]LogModuleManager: Shutting down and abandoning module AIModule (334)
[2017.10.08-10.34.32:495][504]LogModuleManager: Shutting down and abandoning module GameplayDebugger (333)
[2017.10.08-10.34.32:495][504]LogModuleManager: Shutting down and abandoning module AITestSuite (331)
[2017.10.08-10.34.32:495][504]LogModuleManager: Shutting down and abandoning module ProfilerService (328)
[2017.10.08-10.34.32:602][504]LogModuleManager: Shutting down and abandoning module TaskGraph (326)
[2017.10.08-10.34.32:602][504]LogModuleManager: Shutting down and abandoning module SteamVRController (324)
[2017.10.08-10.34.32:602][504]LogModuleManager: Shutting down and abandoning module SteamVR (322)
[2017.10.08-10.34.32:602][504]LogModuleManager: Shutting down and abandoning module ProceduralMeshComponentEditor (320)
[2017.10.08-10.34.32:602][504]LogModuleManager: Shutting down and abandoning module ProceduralMeshComponent (318)
[2017.10.08-10.34.32:603][504]LogModuleManager: Shutting down and abandoning module OculusLibrary (316)
[2017.10.08-10.34.32:603][504]LogModuleManager: Shutting down and abandoning module OculusInput (314)
[2017.10.08-10.34.32:603][504]LogModuleManager: Shutting down and abandoning module MobilePatchingUtils (312)
[2017.10.08-10.34.32:603][504]LogModuleManager: Shutting down and abandoning module CustomMeshComponent (310)
[2017.10.08-10.34.32:603][504]LogModuleManager: Shutting down and abandoning module CableComponent (308)
[2017.10.08-10.34.32:603][504]LogModuleManager: Shutting down and abandoning module ArchVisCharacter (306)
[2017.10.08-10.34.32:603][504]LogModuleManager: Shutting down and abandoning module AndroidPermission (304)
[2017.10.08-10.34.32:603][504]LogModuleManager: Shutting down and abandoning module MediaPlayerEditor (300)
[2017.10.08-10.34.32:603][504]LogModuleManager: Shutting down and abandoning module HTML5Networking (298)
[2017.10.08-10.34.32:603][504]LogModuleManager: Shutting down and abandoning module AlembicImporter (296)
[2017.10.08-10.34.32:603][504]LogModuleManager: Shutting down and abandoning module AlembicLibrary (295)
[2017.10.08-10.34.32:603][504]LogModuleManager: Shutting down and abandoning module GeometryCache (294)
[2017.10.08-10.34.32:603][504]LogModuleManager: Shutting down and abandoning module GeometryCacheEd (293)
[2017.10.08-10.34.32:603][504]LogModuleManager: Shutting down and abandoning module SuperSearchEditor (288)
[2017.10.08-10.34.32:603][504]LogModuleManager: Shutting down and abandoning module SuperSearch (287)
[2017.10.08-10.34.32:603][504]LogModuleManager: Shutting down and abandoning module SpeedTreeImporter (284)
[2017.10.08-10.34.32:603][504]LogModuleManager: Shutting down and abandoning module PluginBrowser (282)
[2017.10.08-10.34.32:603][504]LogModuleManager: Shutting down and abandoning module MobileLauncherProfileWizard (280)
[2017.10.08-10.34.32:603][504]LogModuleManager: Shutting down and abandoning module VisualStudioSourceCodeAccess (278)
[2017.10.08-10.34.32:603][504]LogModuleManager: Shutting down and abandoning module DesktopPlatform (277)
[2017.10.08-10.34.32:603][504]LogModuleManager: Shutting down and abandoning module UObjectPlugin (274)
[2017.10.08-10.34.32:603][504]LogModuleManager: Shutting down and abandoning module SubversionSourceControl (272)
[2017.10.08-10.34.32:603][504]LogModuleManager: Shutting down and abandoning module PerforceSourceControl (270)
[2017.10.08-10.34.32:603][504]LogModuleManager: Shutting down and abandoning module GitSourceControl (268)
[2017.10.08-10.34.32:603][504]LogModuleManager: Shutting down and abandoning module SourceControl (267)
[2017.10.08-10.34.32:603][504]LogModuleManager: Shutting down and abandoning module LightPropagationVolumeEditor (264)
[2017.10.08-10.34.32:603][504]LogModuleManager: Shutting down and abandoning module PaperTiledImporter (262)
[2017.10.08-10.34.32:603][504]LogModuleManager: Shutting down and abandoning module PaperSpriteSheetImporter (260)
[2017.10.08-10.34.32:603][504]LogModuleManager: Shutting down and abandoning module Paper2DEditor (258)
[2017.10.08-10.34.32:603][504]LogModuleManager: Shutting down and abandoning module MeshPaint (257)
[2017.10.08-10.34.32:603][504]LogModuleManager: Shutting down and abandoning module LevelEditor (255)
[2017.10.08-10.34.32:604][504]LogModuleManager: Shutting down and abandoning module PixelInspectorModule (254)
[2017.10.08-10.34.32:604][504]LogModuleManager: Shutting down and abandoning module MainFrame (252)
[2017.10.08-10.34.32:604][504]LogModuleManager: Shutting down and abandoning module HotReload (251)
[2017.10.08-10.34.32:605][504]LogModuleManager: Shutting down and abandoning module PhysXVehiclesEditor (246)
[2017.10.08-10.34.32:605][504]LogModuleManager: Shutting down and abandoning module PhysXVehicles (244)
[2017.10.08-10.34.32:605][504]LogModuleManager: Shutting down and abandoning module LocationServicesBPLibrary (242)
[2017.10.08-10.34.32:605][504]LogModuleManager: Shutting down and abandoning module ImmediatePhysicsEditor (240)
[2017.10.08-10.34.32:605][504]LogModuleManager: Shutting down and abandoning module ImmediatePhysics (238)
[2017.10.08-10.34.32:605][504]LogModuleManager: Shutting down and abandoning module UdpMessaging (236)
[2017.10.08-10.34.32:706][504]LogModuleManager: Shutting down and abandoning module TcpMessaging (234)
[2017.10.08-10.34.32:806][504]LogModuleManager: Shutting down and abandoning module GameplayTagsEditor (232)
[2017.10.08-10.34.32:806][504]LogModuleManager: Shutting down and abandoning module FacialAnimationEditor (230)
[2017.10.08-10.34.32:806][504]LogModuleManager: Shutting down and abandoning module FacialAnimation (228)
[2017.10.08-10.34.32:806][504]LogModuleManager: Shutting down and abandoning module AssetManagerEditor (226)
[2017.10.08-10.34.32:806][504]LogModuleManager: Shutting down and abandoning module GraphEditor (225)
[2017.10.08-10.34.32:806][504]LogModuleManager: Shutting down and abandoning module ContentBrowser (223)
[2017.10.08-10.34.32:809][504]LogModuleManager: Shutting down and abandoning module LightPropagationVolumeRuntime (220)
[2017.10.08-10.34.32:809][504]LogModuleManager: Shutting down and abandoning module Paper2D (218)
[2017.10.08-10.34.32:809][504]LogModuleManager: Shutting down and abandoning module WindowsMoviePlayer (216)
[2017.10.08-10.34.32:809][504]LogModuleManager: Shutting down and abandoning module WmfMedia (214)
[2017.10.08-10.34.32:809][504]LogModuleManager: Shutting down and abandoning module ClothingSystemEditor (212)
[2017.10.08-10.34.32:809][504]LogModuleManager: Shutting down and abandoning module ClothingSystemRuntime (210)
[2017.10.08-10.34.32:809][504]LogModuleManager: Shutting down and abandoning module MediaAssets (208)
[2017.10.08-10.34.32:809][504]LogModuleManager: Shutting down and abandoning module GameLiveStreaming (206)
[2017.10.08-10.34.32:809][504]LogModuleManager: Shutting down and abandoning module VREditor (204)
[2017.10.08-10.34.32:809][504]LogModuleManager: Shutting down and abandoning module StringTableEditor (202)
[2017.10.08-10.34.32:809][504]LogModuleManager: Shutting down and abandoning module GameplayTasksEditor (200)
[2017.10.08-10.34.32:809][504]LogModuleManager: Shutting down and abandoning module BehaviorTreeEditor (198)
[2017.10.08-10.34.32:809][504]LogModuleManager: Shutting down and abandoning module FunctionalTesting (196)
[2017.10.08-10.34.32:809][504]LogModuleManager: Shutting down and abandoning module CollisionAnalyzer (194)
[2017.10.08-10.34.32:809][504]LogModuleManager: Shutting down and abandoning module UMG (192)
[2017.10.08-10.34.32:809][504]LogModuleManager: Shutting down and abandoning module UMGEditor (191)
[2017.10.08-10.34.32:809][504]LogModuleManager: Shutting down and abandoning module Sequencer (190)
[2017.10.08-10.34.32:809][504]LogModuleManager: Shutting down and abandoning module AssetTools (188)
[2017.10.08-10.34.32:809][504]LogModuleManager: Shutting down and abandoning module MessageLog (187)
[2017.10.08-10.34.32:809][504]LogModuleManager: Shutting down and abandoning module WorkspaceMenuStructure (186)
[2017.10.08-10.34.32:809][504]LogModuleManager: Shutting down and abandoning module SlateReflector (180)
[2017.10.08-10.34.32:810][504]LogModuleManager: Shutting down and abandoning module Slate (178)
[2017.10.08-10.34.32:810][504]LogModuleManager: Shutting down and abandoning module EditorStyle (176)
[2017.10.08-10.34.32:812][504]LogModuleManager: Shutting down and abandoning module SourceCodeAccess (174)
[2017.10.08-10.34.32:812][504]LogModuleManager: Shutting down and abandoning module HeadMountedDisplay (172)
[2017.10.08-10.34.32:812][504]LogModuleManager: Shutting down and abandoning module XAudio2 (170)
[2017.10.08-10.34.32:812][504]LogModuleManager: Shutting down and abandoning module Networking (168)
[2017.10.08-10.34.32:812][504]LogModuleManager: Shutting down and abandoning module Core (164)
[2017.10.08-10.34.32:812][504]LogModuleManager: Shutting down and abandoning module AssetRegistry (162)
[2017.10.08-10.34.32:994][504]LogDirectoryWatcher: A directory notification for '../../../Engine/Content/' was aborted.
[2017.10.08-10.34.32:994][504]LogDirectoryWatcher: A directory notification for 'C:/Users/marku/OneDrive/Documents/Unreal Projects/JunsuTwoD/Content/' was aborted.
[2017.10.08-10.34.32:995][504]LogDirectoryWatcher: A directory notification for '../../../Engine/Plugins/2D/Paper2D/Content/' was aborted.
[2017.10.08-10.34.32:995][504]LogDirectoryWatcher: A directory notification for '../../../Engine/Plugins/Runtime/GearVR/Content/' was aborted.
[2017.10.08-10.34.33:001][504]LogModuleManager: Shutting down and abandoning module DirectoryWatcher (161)
[2017.10.08-10.34.33:006][504]LogModuleManager: Shutting down and abandoning module KismetCompiler (158)
[2017.10.08-10.34.33:007][504]LogModuleManager: Shutting down and abandoning module LevelSequence (156)
[2017.10.08-10.34.33:007][504]LogModuleManager: Shutting down and abandoning module PhysXFormats (154)
[2017.10.08-10.34.33:007][504]LogModuleManager: Shutting down and abandoning module MeshUtilities (152)
[2017.10.08-10.34.33:007][504]LogModuleManager: Shutting down and abandoning module SimplygonSwarm (151)
[2017.10.08-10.34.33:007][504]LogModuleManager: Shutting down and abandoning module SimplygonMeshReduction (149)
[2017.10.08-10.34.33:007][504]LogModuleManager: Shutting down and abandoning module QuadricMeshReduction (147)
[2017.10.08-10.34.33:007][504]LogModuleManager: Shutting down and abandoning module DerivedDataCache (144)
[2017.10.08-10.34.33:029][504]LogDerivedDataCache: Shutdown
[2017.10.08-10.34.33:029][504]LogModuleManager: Shutting down and abandoning module TargetPlatform (142)
[2017.10.08-10.34.33:029][504]LogModuleManager: Shutting down and abandoning module VulkanShaderFormat (141)
[2017.10.08-10.34.33:029][504]LogModuleManager: Shutting down and abandoning module ShaderFormatVectorVM (139)
[2017.10.08-10.34.33:029][504]LogModuleManager: Shutting down and abandoning module ShaderFormatOpenGL (137)
[2017.10.08-10.34.33:029][504]LogModuleManager: Shutting down and abandoning module ShaderFormatD3D (135)
[2017.10.08-10.34.33:029][504]LogModuleManager: Shutting down and abandoning module MetalShaderFormat (133)
[2017.10.08-10.34.33:029][504]LogModuleManager: Shutting down and abandoning module TextureFormatUncompressed (131)
[2017.10.08-10.34.33:029][504]LogModuleManager: Shutting down and abandoning module TextureFormatPVR (129)
[2017.10.08-10.34.33:029][504]LogModuleManager: Shutting down and abandoning module TextureFormatDXT (127)
[2017.10.08-10.34.33:029][504]LogModuleManager: Shutting down and abandoning module TextureFormatIntelISPCTexComp (125)
[2017.10.08-10.34.33:029][504]LogModuleManager: Shutting down and abandoning module TextureFormatASTC (123)
[2017.10.08-10.34.33:029][504]LogModuleManager: Shutting down and abandoning module ImageWrapper (122)
[2017.10.08-10.34.33:029][504]LogModuleManager: Shutting down and abandoning module TextureFormatAndroid (119)
[2017.10.08-10.34.33:029][504]LogModuleManager: Shutting down and abandoning module AudioFormatOpus (117)
[2017.10.08-10.34.33:029][504]LogModuleManager: Shutting down and abandoning module AudioFormatOgg (115)
[2017.10.08-10.34.33:030][504]LogModuleManager: Shutting down and abandoning module AudioFormatADPCM (113)
[2017.10.08-10.34.33:030][504]LogModuleManager: Shutting down and abandoning module LinuxTargetPlatform (111)
[2017.10.08-10.34.33:030][504]LogModuleManager: Shutting down and abandoning module LinuxServerTargetPlatform (109)
[2017.10.08-10.34.33:030][504]LogModuleManager: Shutting down and abandoning module LinuxNoEditorTargetPlatform (107)
[2017.10.08-10.34.33:030][504]LogModuleManager: Shutting down and abandoning module LinuxClientTargetPlatform (105)
[2017.10.08-10.34.33:030][504]LogModuleManager: Shutting down and abandoning module TVOSTargetPlatform (103)
[2017.10.08-10.34.33:030][504]LogModuleManager: Shutting down and abandoning module Messaging (101)
[2017.10.08-10.34.33:030][504]LogModuleManager: Shutting down and abandoning module IOSTargetPlatform (99)
[2017.10.08-10.34.33:030][504]LogModuleManager: Shutting down and abandoning module HTML5TargetPlatform (97)
[2017.10.08-10.34.33:030][504]LogModuleManager: Shutting down and abandoning module Android_PVRTCTargetPlatform (95)
[2017.10.08-10.34.33:030][504]LogModuleManager: Shutting down and abandoning module Android_MultiTargetPlatform (93)
[2017.10.08-10.34.33:030][504]LogModuleManager: Shutting down and abandoning module Android_ETC2TargetPlatform (91)
[2017.10.08-10.34.33:030][504]LogModuleManager: Shutting down and abandoning module Android_ETC1TargetPlatform (89)
[2017.10.08-10.34.33:030][504]LogModuleManager: Shutting down and abandoning module Android_DXTTargetPlatform (87)
[2017.10.08-10.34.33:030][504]LogModuleManager: Shutting down and abandoning module Android_ATCTargetPlatform (85)
[2017.10.08-10.34.33:030][504]LogModuleManager: Shutting down and abandoning module Android_ASTCTargetPlatform (83)
[2017.10.08-10.34.33:030][504]LogModuleManager: Shutting down and abandoning module AndroidTargetPlatform (81)
[2017.10.08-10.34.33:030][504]LogModuleManager: Shutting down and abandoning module WindowsTargetPlatform (79)
[2017.10.08-10.34.33:030][504]LogModuleManager: Shutting down and abandoning module WindowsServerTargetPlatform (77)
[2017.10.08-10.34.33:030][504]LogModuleManager: Shutting down and abandoning module WindowsNoEditorTargetPlatform (75)
[2017.10.08-10.34.33:030][504]LogModuleManager: Shutting down and abandoning module WindowsClientTargetPlatform (73)
[2017.10.08-10.34.33:030][504]LogModuleManager: Shutting down and abandoning module MacTargetPlatform (71)
[2017.10.08-10.34.33:030][504]LogModuleManager: Shutting down and abandoning module MacServerTargetPlatform (69)
[2017.10.08-10.34.33:030][504]LogModuleManager: Shutting down and abandoning module MacNoEditorTargetPlatform (67)
[2017.10.08-10.34.33:030][504]LogModuleManager: Shutting down and abandoning module MacClientTargetPlatform (65)
[2017.10.08-10.34.33:030][504]LogModuleManager: Shutting down and abandoning module AllDesktopTargetPlatform (63)
[2017.10.08-10.34.33:030][504]LogModuleManager: Shutting down and abandoning module InputCore (60)
[2017.10.08-10.34.33:030][504]LogModuleManager: Shutting down and abandoning module Settings (58)
[2017.10.08-10.34.33:030][504]LogModuleManager: Shutting down and abandoning module OculusRift (56)
[2017.10.08-10.34.33:030][504]LogModuleManager: Shutting down and abandoning module GearVRController (54)
[2017.10.08-10.34.33:030][504]LogModuleManager: Shutting down and abandoning module GearVR (52)
[2017.10.08-10.34.33:030][504]LogModuleManager: Shutting down and abandoning module ExampleDeviceProfileSelector (50)
[2017.10.08-10.34.33:030][504]LogModuleManager: Shutting down and abandoning module OnlineBlueprintSupport (48)
[2017.10.08-10.34.33:030][504]LogModuleManager: Shutting down and abandoning module OnlineSubsystem (44)
[2017.10.08-10.34.33:031][504]LogOnline:Display: Unloading online subsystem: NULL
[2017.10.08-10.34.33:031][504]LogModuleManager: Shutting down and abandoning module XMPP (43)
[2017.10.08-10.34.33:031][504]LogModuleManager: Shutting down and abandoning module HTTP (41)
[2017.10.08-10.34.33:031][504]LogHttp:Display: Http module shutting down, but needs to wait on 2 outstanding Http requests:
[2017.10.08-10.34.33:031][504]LogHttp:Display: 	verb=[POST] url=[https://datarouter.ol.epicgames.com/datarouter/api/v1/public/data?SessionID=%7B014A0ABF-4BFA-B09B-5354-6595E4452DC7%7D&AppID=UEEditor.Rocket.Release&AppVersion=4.16.3-3561208%2B%2B%2BUE4%2BRelease-4.16&UserID=cb6fa5a2410b11b079c35b95977b4eb9%7C7241c3f442c04bab8bbb7354a0a51832%7C7934a0bc-53bd-4f39-831d-371310924f7f&AppEnvironment=datacollector-binary&UploadType=eteventstream] status=Processing
[2017.10.08-10.34.33:031][504]LogHttp:Display: 	verb=[POST] url=[https://datarouter.ol.epicgames.com/datarouter/api/v1/public/data?SessionID=%7B014A0ABF-4BFA-B09B-5354-6595E4452DC7%7D&AppID=UEEditor.Rocket.Release&AppVersion=4.16.3-3561208%2B%2B%2BUE4%2BRelease-4.16&UserID=cb6fa5a2410b11b079c35b95977b4eb9%7C7241c3f442c04bab8bbb7354a0a51832%7C7934a0bc-53bd-4f39-831d-371310924f7f&AppEnvironment=datacollector-binary&UploadType=eteventstream] status=Processing
[2017.10.08-10.34.33:052][504]LogModuleManager: Shutting down and abandoning module SSL (40)
[2017.10.08-10.34.33:054][504]LogModuleManager: Shutting down and abandoning module HTTPChunkInstaller (36)
[2017.10.08-10.34.33:054][504]LogModuleManager: Shutting down and abandoning module AnimationModifiers (34)
[2017.10.08-10.34.33:054][504]LogModuleManager: Shutting down and abandoning module PropertyEditor (33)
[2017.10.08-10.34.33:054][504]LogModuleManager: Shutting down and abandoning module AudioEditor (30)
[2017.10.08-10.34.33:054][504]LogModuleManager: Shutting down and abandoning module TextureCompressor (28)
[2017.10.08-10.34.33:055][504]LogModuleManager: Shutting down and abandoning module ShaderCore (26)
[2017.10.08-10.34.33:055][504]LogModuleManager: Shutting down and abandoning module Landscape (24)
[2017.10.08-10.34.33:055][504]LogModuleManager: Shutting down and abandoning module SlateRHIRenderer (22)
[2017.10.08-10.34.33:062][504]LogModuleManager: Shutting down and abandoning module OpenGLDrv (20)
[2017.10.08-10.34.33:062][504]LogModuleManager: Shutting down and abandoning module D3D11RHI (18)
[2017.10.08-10.34.33:062][504]LogModuleManager: Shutting down and abandoning module AnimGraphRuntime (16)
[2017.10.08-10.34.33:062][504]LogModuleManager: Shutting down and abandoning module Renderer (14)
[2017.10.08-10.34.33:062][504]LogModuleManager: Shutting down and abandoning module Engine (12)
[2017.10.08-10.34.33:062][504]LogModuleManager: Shutting down and abandoning module CoreUObject (10)
[2017.10.08-10.34.33:062][504]LogModuleManager: Shutting down and abandoning module NetworkFile (8)
[2017.10.08-10.34.33:062][504]LogModuleManager: Shutting down and abandoning module StreamingFile (6)
[2017.10.08-10.34.33:062][504]LogModuleManager: Shutting down and abandoning module SandboxFile (4)
[2017.10.08-10.34.33:062][504]LogModuleManager: Shutting down and abandoning module PakFile (2)
[2017.10.08-10.34.33:064][504]LogExit: Exiting.
[2017.10.08-10.34.33:082][504]Log file closed, 10/08/17 19:34:33
