Log file open, 09/30/17 18:49:16
LogInit:Display: Running engine for game: JunsuTwoD
LogPlatformFile: Not using cached read wrapper
LogInit:Display: RandInit(300620442) SRandInit(300620442).
LogTaskGraph: Started task graph with 5 named threads and 8 total threads with 1 sets of task threads.
LogStats: Stats thread started at 0.097970
LogInit: Using libcurl 7.47.1
LogInit:  - built for x86_64-pc-win32
LogInit:  - supports SSL with OpenSSL/1.0.2g
LogInit:  - supports HTTP deflate (compression) using libz 1.2.8
LogInit:  - other features:
LogInit:      CURL_VERSION_SSL
LogInit:      CURL_VERSION_LIBZ
LogInit:      CURL_VERSION_IPV6
LogInit:      CURL_VERSION_ASYNCHDNS
LogInit:      CURL_VERSION_LARGEFILE
LogInit:      CURL_VERSION_IDN
LogInit:  CurlRequestOptions (configurable via config and command line):
LogInit:  - bVerifyPeer = false  - Libcurl will NOT verify peer certificate
LogInit:  - bUseHttpProxy = false  - Libcurl will NOT use HTTP proxy
LogInit:  - bDontReuseConnections = false  - Libcurl will reuse connections
LogInit:  - CertBundlePath = nullptr  - Libcurl will use whatever was configured at build time.
LogInit: Build: ++UE4+Release-4.16-CL-3561208
LogInit: Engine Version: 4.16.3-3561208+++UE4+Release-4.16
LogInit: Compatible Engine Version: 4.16.0-3452394+++UE4+Release-4.16
LogInit: Net CL: 3452394
LogDevObjectVersion: Number of dev versions registered: 16
LogDevObjectVersion:   Dev-Blueprints (B0D832E4-1F89-4F0D-ACCF-7EB736FD4AA2): 9
LogDevObjectVersion:   Dev-Build (E1C64328-A22C-4D53-A36C-8E866417BD8C): 0
LogDevObjectVersion:   Dev-Core (375EC13C-06E4-48FB-B500-84F0262A717E): 2
LogDevObjectVersion:   Dev-Editor (E4B068ED-F494-42E9-A231-DA0B2E46BB41): 17
LogDevObjectVersion:   Dev-Framework (CFFC743F-43B0-4480-9391-14DF171D2073): 23
LogDevObjectVersion:   Dev-Mobile (B02B49B5-BB20-44E9-A304-32B752E40360): 0
LogDevObjectVersion:   Dev-Networking (A4E4105C-59A1-49B5-A7C5-40C4547EDFEE): 0
LogDevObjectVersion:   Dev-Online (39C831C9-5AE6-47DC-9A44-9C173E1C8E7C): 0
LogDevObjectVersion:   Dev-Physics (78F01B33-EBEA-4F98-B9B4-84EACCB95AA2): 0
LogDevObjectVersion:   Dev-Platform (6631380F-2D4D-43E0-8009-CF276956A95A): 0
LogDevObjectVersion:   Dev-Rendering (12F88B9F-8875-4AFC-A67C-D90C383ABD29): 15
LogDevObjectVersion:   Dev-Sequencer (7B5AE74C-D270-4C10-A958-57980B212A5A): 4
LogDevObjectVersion:   Dev-VR (D7296918-1DD6-4BDD-9DE2-64A83CC13884): 0
LogDevObjectVersion:   Dev-LoadTimes (C2A15278-BFE7-4AFE-6C17-90FF531DF755): 1
LogDevObjectVersion:   Private-Geometry (6EACA3D4-40EC-4CC1-B786-8BED09428FC5): 1
LogDevObjectVersion:   Dev-AnimPhys (29E575DD-E0A3-4627-9D10-D276232CDCEA): 3
LogInit: Compiled (64-bit): Jul 28 2017 11:49:47
LogInit: Compiled with Visual C++: 19.00.24215.01
LogInit: Build Configuration: Development
LogInit: Branch Name: ++UE4+Release-4.16
LogInit: Command line:  /Temp/Autosaves/Game/maps/UEDPCNewMap -game -PIEVIACONSOLE -ResX=1280 -ResY=720  -Multiprocess -messaging -SessionName="Play in Standalone Game" -featureleveles2 -faketouches -windowed 
LogInit: Base directory: D:/Programs/Epic Games/UE_4.16/Engine/Binaries/Win64/
LogInit: Installed Engine Build: 1
LogInit: Presizing for max 8388607 objects, including 0 objects not considered by GC, pre-allocating 0 bytes for permanent pool.
LogInit: Object subsystem initialized
[2017.09.30-09.49.16:848][  0]LogInit: Selected Device Profile: [Windows]
[2017.09.30-09.49.16:848][  0]LogInit: Applying CVar settings loaded from the selected device profile: [Windows]
[2017.09.30-09.49.16:853][  0]LogInit: Computer: DESKTOP-K7MU974
[2017.09.30-09.49.16:853][  0]LogInit: User: marku
[2017.09.30-09.49.16:853][  0]LogInit: CPU Page size=4096, Cores=4
[2017.09.30-09.49.16:853][  0]LogInit: High frequency timer resolution =2.531251 MHz
[2017.09.30-09.49.16:853][  0]LogMemory: Memory total: Physical=15.9GB (16GB approx)
[2017.09.30-09.49.16:853][  0]LogMemory: Platform Memory Stats for Windows
[2017.09.30-09.49.16:853][  0]LogMemory: Process Physical Memory: 274.02 MB used, 274.02 MB peak
[2017.09.30-09.49.16:853][  0]LogMemory: Process Virtual Memory: 260.88 MB used, 260.88 MB peak
[2017.09.30-09.49.16:853][  0]LogMemory: Physical Memory: 8112.69 MB used,  8156.70 MB free, 16269.39 MB total
[2017.09.30-09.49.16:853][  0]LogMemory: Virtual Memory: 624.04 MB used,  8156.70 MB free, 134217728.00 MB total
[2017.09.30-09.49.16:974][  0]LogInit: Using OS detected language (en-US).
[2017.09.30-09.49.16:974][  0]LogInit: Using OS detected locale (en-US).
[2017.09.30-09.49.16:981][  0]LogTextLocalizationManager: No specific localization for 'en-US' exists, so the 'en' localization will be used.
[2017.09.30-09.49.17:858][  0]LogD3D11RHI: D3D11 adapters:
[2017.09.30-09.49.17:948][  0]LogD3D11RHI:    0. 'NVIDIA GeForce GTX 1060' (Feature Level 11_0)
[2017.09.30-09.49.17:948][  0]LogD3D11RHI:       6049/0/8134 MB DedicatedVideo/DedicatedSystem/SharedSystem, Outputs:2, VendorId:0x10de
[2017.09.30-09.49.17:962][  0]LogD3D11RHI:    1. 'Intel(R) HD Graphics 530' (Feature Level 11_0)
[2017.09.30-09.49.17:962][  0]LogD3D11RHI:       128/0/8134 MB DedicatedVideo/DedicatedSystem/SharedSystem, Outputs:0, VendorId:0x8086
[2017.09.30-09.49.17:965][  0]LogD3D11RHI:    2. 'Microsoft Basic Render Driver' (Feature Level 11_0)
[2017.09.30-09.49.17:965][  0]LogD3D11RHI:       0/0/8134 MB DedicatedVideo/DedicatedSystem/SharedSystem, Outputs:0, VendorId:0x1414
[2017.09.30-09.49.17:965][  0]LogD3D11RHI: Chosen D3D11 Adapter: 0
[2017.09.30-09.49.17:973][  0]LogD3D11RHI: Creating new Direct3DDevice
[2017.09.30-09.49.17:973][  0]LogD3D11RHI:     GPU DeviceId: 0x1c20 (for the marketing name, search the web for "GPU Device Id")
[2017.09.30-09.49.17:973][  0]LogWindows: EnumDisplayDevices:
[2017.09.30-09.49.17:974][  0]LogWindows:    0. 'Intel(R) HD Graphics 530' (P:1 D:1)
[2017.09.30-09.49.17:975][  0]LogWindows:    1. 'Intel(R) HD Graphics 530' (P:0 D:1)
[2017.09.30-09.49.17:977][  0]LogWindows:    2. 'Intel(R) HD Graphics 530' (P:0 D:0)
[2017.09.30-09.49.17:979][  0]LogWindows:    3. 'Intel(R) HD Graphics 530' (P:0 D:0)
[2017.09.30-09.49.17:980][  0]LogWindows:    4. 'Intel(R) HD Graphics 530' (P:0 D:0)
[2017.09.30-09.49.17:982][  0]LogWindows:    5. 'Intel(R) HD Graphics 530' (P:0 D:0)
[2017.09.30-09.49.17:984][  0]LogWindows:    6. 'Intel(R) HD Graphics 530' (P:0 D:0)
[2017.09.30-09.49.17:985][  0]LogWindows:    7. 'Intel(R) HD Graphics 530' (P:0 D:0)
[2017.09.30-09.49.17:986][  0]LogWindows:    8. 'Intel(R) HD Graphics 530' (P:0 D:0)
[2017.09.30-09.49.17:988][  0]LogWindows:    9. 'Intel(R) HD Graphics 530' (P:0 D:0)
[2017.09.30-09.49.17:990][  0]LogWindows:    10. 'Intel(R) HD Graphics 530' (P:0 D:0)
[2017.09.30-09.49.17:991][  0]LogWindows:    11. 'NVIDIA GeForce GTX 1060' (P:0 D:0)
[2017.09.30-09.49.17:993][  0]LogWindows:    12. 'NVIDIA GeForce GTX 1060' (P:0 D:0)
[2017.09.30-09.49.17:994][  0]LogWindows:    13. 'NVIDIA GeForce GTX 1060' (P:0 D:0)
[2017.09.30-09.49.17:995][  0]LogWindows:    14. 'NVIDIA GeForce GTX 1060' (P:0 D:0)
[2017.09.30-09.49.17:996][  0]LogWindows: DebugString: PrimaryIsNotTheChoosenAdapter PrimaryIsNotTheChoosenAdapter PrimaryIsNotTheChoosenAdapter PrimaryIsNotTheChoosenAdapter PrimaryIsNotTheChoosenAdapter PrimaryIsNotTheChoosenAdapter PrimaryIsNotTheChoosenAdapter PrimaryIsNotTheChoosenAdapter PrimaryIsNotTheChoosenAdapter PrimaryIsNotTheChoosenAdapter PrimaryIsNotTheChoosenAdapter FoundDriverCount:4 
[2017.09.30-09.49.17:996][  0]LogD3D11RHI:     Adapter Name: NVIDIA GeForce GTX 1060
[2017.09.30-09.49.17:996][  0]LogD3D11RHI:   Driver Version: 384.94 (internal:22.21.13.8494, unified:384.94)
[2017.09.30-09.49.17:996][  0]LogD3D11RHI:      Driver Date: 7-18-2017
[2017.09.30-09.49.17:996][  0]LogRHI: Texture pool is 1361 MB (70% of 1945 MB)
[2017.09.30-09.49.18:035][  0]LogD3D11RHI: Async texture creation enabled
[2017.09.30-09.49.18:046][  0]LogD3D11RHI: GPU Timing Frequency: 1000.000000 (Debug: 2 1)
[2017.09.30-09.49.18:062][  0]LogShaderCompilers: Guid format shader working directory is -13 characters bigger than the processId version (C:/Users/marku/OneDrive/Documents/Unreal Projects/JunsuTwoD/Intermediate/Shaders/WorkingDirectory/2824/).
[2017.09.30-09.49.18:062][  0]LogShaderCompilers: Cleaned the shader compiler working directory 'C:/Users/marku/AppData/Local/Temp/UnrealShaderWorkingDir/6D99EE404FAA2973400CFAA44D460925/'.
[2017.09.30-09.49.18:062][  0]LogShaderCompilers:Display: Using Local Shader Compiler.
[2017.09.30-09.49.19:129][  0]LogTemp:Display: Loaded TP WindowsClientTargetPlatform
[2017.09.30-09.49.19:182][  0]LogTemp:Display: Loaded TP WindowsNoEditorTargetPlatform
[2017.09.30-09.49.19:234][  0]LogTemp:Display: Loaded TP WindowsServerTargetPlatform
[2017.09.30-09.49.19:280][  0]LogTemp:Display: Loaded TP WindowsTargetPlatform
[2017.09.30-09.49.19:280][  0]LogTargetPlatformManager:Display: Building Assets For Windows
[2017.09.30-09.49.19:826][  0]LogDerivedDataCache:Display: Max Cache Size: 512 MB
[2017.09.30-09.49.19:946][  0]LogDerivedDataCache: Loaded boot cache 0.12s 102MB C:/Users/marku/AppData/Local/UnrealEngine/4.16/DerivedDataCache/Boot.ddc.
[2017.09.30-09.49.19:946][  0]LogDerivedDataCache:Display: Loaded Boot cache: C:/Users/marku/AppData/Local/UnrealEngine/4.16/DerivedDataCache/Boot.ddc
[2017.09.30-09.49.19:947][  0]LogDerivedDataCache: FDerivedDataBackendGraph:  Pak pak cache file C:/Users/marku/OneDrive/Documents/Unreal Projects/JunsuTwoD/DerivedDataCache/DDC.ddp not found, will not use a pak cache.
[2017.09.30-09.49.19:947][  0]LogDerivedDataCache: Unable to find inner node Pak for hierarchical cache Hierarchy.
[2017.09.30-09.49.19:947][  0]LogDerivedDataCache: FDerivedDataBackendGraph:  CompressedPak pak cache file C:/Users/marku/OneDrive/Documents/Unreal Projects/JunsuTwoD/DerivedDataCache/Compressed.ddp not found, will not use a pak cache.
[2017.09.30-09.49.19:947][  0]LogDerivedDataCache: Unable to find inner node CompressedPak for hierarchical cache Hierarchy.
[2017.09.30-09.49.19:967][  0]LogDerivedDataCache:Display: Pak cache opened for reading ../../../Engine/DerivedDataCache/Compressed.ddp.
[2017.09.30-09.49.19:983][  0]LogDerivedDataCache: Using Local data cache path C:/Users/marku/AppData/Local/UnrealEngine/Common/DerivedDataCache: Writable
[2017.09.30-09.49.19:983][  0]LogMaterial: Verifying Global Shaders for PCD3D_ES2
[2017.09.30-09.49.20:703][  0]LogSlate: Using Freetype 2.6.0
[2017.09.30-09.49.20:704][  0]LogSlate: SlateFontCache - WITH_FREETYPE: 1, WITH_HARFBUZZ: 1
[2017.09.30-09.49.20:704][  0]LogSlate: SlateFontCache - WITH_FREETYPE: 1, WITH_HARFBUZZ: 1
[2017.09.30-09.49.21:100][  0]LogAssetRegistry: FAssetRegistry took 0.0044 seconds to start up
[2017.09.30-09.49.21:112][  0]LogPackageLocalizationCache: Processed 4 localized package path(s) for 2 prioritized culture(s) in 0.012087 seconds
[2017.09.30-09.49.21:232][  0]LogInit: Selected Device Profile: [Windows]
[2017.09.30-09.49.21:309][  0]LogContentStreaming: Texture pool size is 1000.00 MB
[2017.09.30-09.49.21:354][  0]LogMaterial: Missing cached shader map for material WorldGridMaterial, compiling. Is special engine material.
